<THU><Team><ACRush /><Jelly /><Cooly /></Team><JiaJia><Team><Ahyangyi /><Dragon /><Cooly><Amber /></Cooly></Team></JiaJia></THU>

<THU><Team><ACRush /><Jelly /><Cooly /></Team><JiaJia><Team><Ahyangyi /><Dragon /><Cooly><Amber /></Cooly></Team></JiaJia></THU>

<red><green><blue /><yellow /></green></red>

<red><green><blue /><yellow /></green></red>

<red><green><blue /><yellow /></green></red>

<red><green><blue /><yellow /></green></red>

<red><green><blue /><yellow /></green></red>

<red><green><blue /><yellow /></green></red>

<red><green><blue /><yellow /></green></red>

<red><green><blue /><yellow /></green></red>

<dvkey><aqmvf><wtdgd><kzgkc><wbtrm><ddcbz><yymog /></ddcbz></wbtrm></kzgkc></wtdgd></aqmvf></dvkey>

<ryfrp><bmimc><ybkml><rswnh><cniqc><wxhdx><arvul /></wxhdx></cniqc></rswnh></ybkml></bmimc></ryfrp>

<ekzwc><idhab><gjxfs><kmdwk><orifw><obudb><tdald /></obudb></orifw></kmdwk></gjxfs></idhab></ekzwc>

<qwvla><teqgu><kslow><hhddn><ubjmq><wkcta><nlsjh /></wkcta></ubjmq></hhddn></kslow></teqgu></qwvla>

<jbxhw><hcuzp><hgnxw><ounpi><erofq><ujrtc><ijurb /></ujrtc></erofq></ounpi></hgnxw></hcuzp></jbxhw>

<gkztw><mobpn><zbohd><clrbo><baoty><cvcnx><ktgct /></cvcnx></baoty></clrbo></zbohd></mobpn></gkztw>

<gfhhf><efwus><aopyf><oudjc><vajoy><tjsqb><gntxj /></tjsqb></vajoy></oudjc></aopyf></efwus></gfhhf>

<rqrha><menxz><ftfoj><ssjuu><vxrxq><wexfs><kvjpf /></wexfs></vxrxq></ssjuu>		</ftfoj></menxz></rqrha>

<vdewo><nqdab><kaqfo><qvxns><vkyvo><ydogd><iskec /></ydogd></vkyvo></qvxns></kaqfo></nqdab></vdewo>

<liaat><xqjma><flpya><rtobq><ggywf><vhixk><lbatd /></vhixk></ggywf></rtobq></flpya></xqjma></liaat>

<wzqkf><kzyvw><ucmcl><bcdmh><xaybs><ofaou><masvr>				</masvr></ofaou></xaybs></bcdmh></ucmcl></kzyvw></wzqkf>

<jpwka><uoccy><ofrwp><upxec><jmluc><aoier><wgxyz /></aoier></jmluc></upxec>		</ofrwp></uoccy></jpwka>

<frkvd><avbyi><bxeda><vxelf><aenbn><kswir><rjztp /></kswir></aenbn></vxelf></bxeda></avbyi></frkvd>

<qzhuk><retia><jtkyw><rcpzp><teeod><oymrl><ftceh /></oymrl></teeod></rcpzp></jtkyw></retia></qzhuk>

<qzhuk><retia><jtkyw><rcpzp><teeod><oymrl><ftceh /></oymrl></teeod></rcpzp></jtkyw></retia></qzhuk>

<qwahv><dqiit><pehcc><hdkwa><ayvyg><wlkgk><riouc /></wlkgk></ayvyg></hdkwa></pehcc></dqiit></qwahv>

<eafbv><vrivv><xogqp><xwxto><aogaf><scjlt><acubt /></scjlt></aogaf></xwxto></xogqp></vrivv></eafbv>

<egxfd><qgitk><dziyj><uoaks><xnovv><zjtah><kjkkv /></zjtah></xnovv></uoaks></dziyj></qgitk></egxfd>

<egxfd><qgitk><dziyj><uoaks><xnovv><zjtah><kjkkv /></zjtah></xnovv></uoaks></dziyj></qgitk></egxfd>

<red><blue><orange /><green /><yellow /><purple><black /></purple></blue></red>

<blue><purple><black /></purple></blue>

<red><blue><orange /><green /><yellow /><purple><black /></purple></blue></red>

<blue><purple><black /></purple></blue>

<red><blue><orange /><green /><yellow /><purple><black /></purple></blue></red>

<yellow />

<red><blue><orange /><green /><yellow /><purple><black /></purple></blue></red>

<purple><black /></purple>

<red><blue><orange /><green /><yellow /><purple><black /></purple></blue></red>

<red><orange /></red>

<red><blue><orange /><green /><yellow /><purple><black /></purple></blue></red>

<red />

<red><blue><orange /><green /><yellow /><purple><black /></purple></blue></red>

<red><blue><orange /><green /><yellow /><purple><black /></purple></blue></red>

<black />

<red><blue><orange /><green /><yellow /><purple><black /></purple></blue></red>

<purple><black /></purple>

<red><blue><orange /><green /><yellow /><purple><black /></purple></blue></red>

<red><blue><orange /><green /><yellow /><purple><black /></purple></blue></red>

<red><blue><orange /><green /><yellow /><purple><black /></purple></blue></red>

<blue><orange /><green /><yellow /><purple><black /></purple></blue>
