<umad>
    <umad>
        <umad>
            <uMad>
                <uMAD>
                    <umad>
                        <uMad>
                            <uMAD>
                            </uMAD>
                        </uMad>
                    </umad>
                </uMAD>
            </uMad>
        </umad>
        <uMad>
            <umad>
                <uMad>
                    <uMAD>
                        <umad>
                            <uMad>
                                <uMAD>
                                </uMAD>
                            </uMad>
                        </umad>
                    </uMAD>
                </uMad>
            </umad>
            <uMAD>
                <umad>
                    <uMad>
                        <uMAD>
                            <umad>
                                <uMad>
                                    <uMAD>
                                    </uMAD>
                                </uMad>
                            </umad>
                        </uMAD>
                    </uMad>
                </umad>
            </uMAD>
        </uMad>
    </umad>
    <uMad>
        <umad>
            <uMad>
                <uMAD>
                    <umad>
                        <uMad>
                            <uMAD>
                            </uMAD>
                        </uMad>
                    </umad>
                </uMAD>
            </uMad>
        </umad>
        <umad>
            <umad>
                <uMad>
                    <uMAD>
                        <umad>
                            <uMad>
                                <uMAD>
                                </uMAD>
                            </uMad>
                        </umad>
                    </uMAD>
                </uMad>
            </umad>
            <uMad>
                <umad>
                    <uMad>
                        <uMAD>
                            <umad>
                                <uMad>
                                    <uMAD>
                                    </uMAD>
                                </uMad>
                            </umad>
                        </uMAD>
                    </uMad>
                </umad>
                <uMAD>
                    <umad>
                        <uMad>
                            <uMAD>
                                <umad>
                                    <uMad>
                                        <uMAD>
                                        </uMAD>
                                    </uMad>
                                </umad>
                            </uMAD>
                        </uMad>
                    </umad>
                </uMAD>
            </uMad>
        </umad>
        <uMAD>
            <umad>
                <umad>
                    <uMad>
                        <uMAD>
                            <umad>
                                <uMad>
                                    <uMAD>
                                    </uMAD>
                                </uMad>
                            </umad>
                        </uMAD>
                    </uMad>
                </umad>
                <uMad>
                    <umad>
                        <uMad>
                            <uMAD>
                                <umad>
                                    <uMad>
                                        <uMAD>
                                        </uMAD>
                                    </uMad>
                                </umad>
                            </uMAD>
                        </uMad>
                    </umad>
                    <uMAD>
                        <umad>
                            <uMad>
                                <uMAD>
                                    <umad>
                                        <uMad>
                                            <uMAD>
                                            </uMAD>
                                        </uMad>
                                    </umad>
                                </uMAD>
                            </uMad>
                        </umad>
                    </uMAD>
                </uMad>
            </umad>
        </uMAD>
    </uMad>
</umad>

<mozilla>
    <firefox>
        <opera></opera>
        <chrome></chrome>
        <safari></safari>
    </firefox>
    <tail>
        <fox>
            <furry></furry>
        </fox>
    </tail>
    <cheesers>
    </cheesers>
    <start>
        <middle>
            <middle>
                <middle></middle>
            </middle>
        </middle>
    </start>
    <heart>
        <origin>
            <mumps>
                <picorna>
                    <polio>
                    </polio>
                </picorna>
            </mumps>
        </origin>
        <poop></poop>
        <hurting></hurting>
        <goo></goo>
    </heart>
    <firefox>
        <firefox>
            <firefox>
                <firefox>
                    <firefox>
                        <firefox>
                            <firefox>
                                <fox>
                                    <furry></furry>
                                </fox>
                            </firefox>
                        </firefox>
                    </firefox>
                </firefox>
            </firefox>
        </firefox>
    </firefox>
</mozilla>

<o>
    <z>
        <h>
            <u>
                <d>
                </d>
                <e>
                </e>
                <v>
                </v>
                <o>
                </o>
            </u>
            <r>
                <k>
                </k>
            </r>
            <i>
            </i>
            <g>
                <f>
                </f>
                <o>
                </o>
                <n>
                </n>
                <e>
                </e>
                <z>
                </z>
            </g>
        </h>
        <e>
            <h>
                <v>
                </v>
                <f>
                </f>
                <j>
                </j>
            </h>
            <l>
                <u>
                </u>
                <k>
                </k>
            </l>
        </e>
        <m>
            <t>
                <j>
                </j>
            </t>
        </m>
    </z>
    <v>
        <r>
            <w>
                <n>
                </n>
                <o>
                </o>
                <j>
                </j>
            </w>
        </r>
        <g>
            <f>
            </f>
            <h>
                <s>
                </s>
                <b>
                </b>
                <w>
                </w>
            </h>
            <q>
                <i>
                </i>
                <e>
                </e>
                <m>
                </m>
                <d>
                </d>
            </q>
            <u>
                <w>
                </w>
                <k>
                </k>
                <t>
                </t>
                <x>
                </x>
                <p>
                </p>
            </u>
        </g>
    </v>
    <n>
        <x>
            <a>
                <t>
                </t>
            </a>
            <w>
                <h>
                </h>
                <g>
                </g>
            </w>
        </x>
        <s>
            <m>
                <q>
                </q>
                <u>
                </u>
                <n>
                </n>
                <s>
                </s>
            </m>
            <d>
                <k>
                </k>
                <u>
                </u>
            </d>
        </s>
    </n>
    <j>
        <m>
            <i>
                <c>
                </c>
                <u>
                </u>
                <v>
                </v>
            </i>
            <h>
                <h>
                </h>
                <z>
                </z>
                <s>
                </s>
                <a>
                </a>
                <e>
                </e>
            </h>
        </m>
        <h>
            <e>
                <n>
                </n>
                <q>
                </q>
            </e>
            <a>
            </a>
            <j>
                <x>
                </x>
                <z>
                </z>
                <w>
                </w>
                <y>
                </y>
            </j>
            <p>
                <c>
                </c>
            </p>
            <f>
                <f>
                </f>
                <o>
                </o>
                <g>
                </g>
                <h>
                </h>
                <t>
                </t>
            </f>
        </h>
    </j>
    <x>
        <k>
            <v>
                <u>
                </u>
                <l>
                </l>
                <g>
                </g>
                <d>
                </d>
                <a>
                </a>
            </v>
            <t>
                <x>
                </x>
                <s>
                </s>
                <j>
                </j>
            </t>
        </k>
        <m>
            <p>
                <n>
                </n>
            </p>
            <w>
            </w>
            <j>
                <p>
                </p>
            </j>
            <y>
                <z>
                </z>
                <t>
                </t>
                <j>
                </j>
                <v>
                </v>
                <x>
                </x>
            </y>
            <z>
                <e>
                </e>
                <q>
                </q>
                <f>
                </f>
                <o>
                </o>
            </z>
        </m>
        <n>
            <d>
            </d>
        </n>
        <o>
            <g>
                <o>
                </o>
                <l>
                </l>
            </g>
            <r>
                <v>
                </v>
                <i>
                </i>
                <n>
                </n>
                <f>
                </f>
            </r>
        </o>
    </x>
</o>

<top>
    <doodle>
        <doodle>
            <doodle>
                <doodle>
                    <doodle>
                        <doodle>
                            <doodle>
                                <doodle>
                                    <doodle>
                                        <doodle>
                                            <doodle></doodle>
                                        </doodle>
                                    </doodle>
                                </doodle>
                            </doodle>
                        </doodle>
                    </doodle>
                </doodle>
            </doodle>
        </doodle>
    </doodle>
    <galactica>
        <galactica>
            <galactica>
                <galactica>
                    <galactica>
                        <galactica>
                            <galactica>
                                <galactica>
                                    <galactica>
                                        <galactica>
                                            <galactica></galactica>
                                        </galactica>
                                    </galactica>
                                </galactica>
                            </galactica>
                        </galactica>
                    </galactica>
                </galactica>
            </galactica>
        </galactica>
    </galactica>
    <stewie>
        <lois>
            <lois>
                <lois>
                    <lois>
                        <lois>
                            <lois>
                                <lois>
                                    <lois>
                                        <lois>
                                            <lois>
                                                <lois>
                                                    <lois></lois>
                                                </lois>
                                            </lois>
                                        </lois>
                                    </lois>
                                </lois>
                            </lois>
                        </lois>
                    </lois>
                </lois>
            </lois>
        </lois>
    </stewie>
    <will>
    </will>
    <diane>
        <diane>
            <diane>
                <diane>
                    <diane>
                        <diane>
                            <diane>
                                <simmons>
                                    <simmons>
                                        <simmons>
                                            <simmons></simmons>
                                        </simmons>
                                    </simmons>
                                </simmons>
                            </diane>
                        </diane>
                    </diane>
                </diane>
            </diane>
        </diane>
    </diane>
    <proud>
        <pride>
            <life></life>
            <star></star>
            <lion></lion>
        </pride>
        <keeper>
            <depp></depp>
            <poop></poop>
        </keeper>
    </proud>
    <lion>
        <lion>
            <lion>
                <lion>
                    <lion>
                        <lion>
                            <will></will>
                        </lion>
                    </lion>
                </lion>
            </lion>
        </lion>
    </lion>
    <toby>
        <toby>
            <toby>
                <toby>
                    <toby></toby>
                </toby>
            </toby>
            <cheese></cheese>
            <lion></lion>
        </toby>
    </toby>
    <turtle>
        <turtle>
            <turtle>
                <turtle>
                    <will></will>
                    <turtle>
                        <turtle>
                            <turtle>    
                                <turtle></turtle>
                            </turtle>
                        </turtle>
                    </turtle>
                </turtle>
            </turtle>
        </turtle>
    </turtle>
    <say>
        <say>
            <say>
                <say>
                    <say>
                        <say>
                            <will></will>
                            <say>
                                <say>
                                    <say>
                                        <say>
                                            <say>
                                                <say></say>
                                            </say>
                                        </say>
                                    </say>
                                </say>
                            </say>
                        </say>
                    </say>
                </say>
            </say>
        </say>
    </say>
    <muffin>
        <poop>
            <wage></wage>
            <nike></nike>
            <kellog>
                <eye>
                    <shadow></shadow>
                </eye>
            </kellog>
        </poop>
    </muffin>
</top>

<root>
    <crises>
        <crisis>
            <crisisId>CRI_000</crisisId>
            <name>Malaysia Airplane MH370</name>
            <kind>Human Error Disaster</kind>
            <streetAddress>Malaysia</streetAddress>
            <city>Kuala Lumpur</city>
            <stateOrProvince>Malaysia</stateOrProvince>
            <postalCode></postalCode>
            <country>Malaysia</country>
            <dateAndTime>2014-3-8T012:41:00</dateAndTime>
            <fatalities>246</fatalities>
            <injuries>2</injuries>
            <populationIll>246</populationIll>
            <populationDisplaced>Unknown</populationDisplaced>
            <environmentalImpact>Unknown</environmentalImpact>
            <politicalChanges>Unknown</politicalChanges>
            <culturalChanges>Unknown</culturalChanges>
            <jobsLost>2</jobsLost>
            <damageInUSD>1000000</damageInUSD>
            <reparationCost>2000000</reparationCost>
            <regulatoryChanges>Stricter Airplane Security</regulatoryChanges>
        </crisis>
    </crises>
    <orgs>
        <org>
            <orgId>ORG_000</orgId>
            <name>Malaysia Airlines</name>
            <kind>Government Agency</kind>
            <streetAddress>1234 Malaysia Avenue</streetAddress>
            <city>Kuala Lumpur</city>
            <stateOrProvince>Malaysia</stateOrProvince>
            <postalCode></postalCode>
            <country>Malaysia</country>
            <foundingMission>Flights worldwide</foundingMission>
            <dateFounded>1937-10-12</dateFounded>
            <majorEvents>This event</majorEvents>
        </org>
    </orgs>
    <people>
        <person>
            <personId>PER_000</personId>
            <name>Najib Razak</name>
            <kind>Politician</kind>
            <streetAddress>567 Drive</streetAddress>
            <city>Kuala Lumpur</city>
            <stateOrProvince>Malaysia</stateOrProvince>
            <postalCode></postalCode>
            <country>Malaysia</country>
        </person>
    </people>

    <resources>
        <resourcePair>
            <resourceId>RES_000</resourceId>
            <resource>Food</resource>
        </resourcePair>
        <resourcePair>
            <resourceId>RES_001</resourceId>
            <resource>Water</resource>
        </resourcePair>
    </resources>
    <crisisResources>
        <crisisResourcePair>
            <crisisId>CRI_000</crisisId>
            <resourceId>RES_001</resourceId>
        </crisisResourcePair>
    </crisisResources> 

    <waysToHelp>
        <wayToHelpPair>
            <helpId>HEL_000</helpId>
            <wayToHelp>Find passengers</wayToHelp>
        </wayToHelpPair>
    </waysToHelp>
    <crisisWaysToHelp>
        <crisisWayToHelpPair>
            <crisisId>CRI_000</crisisId>
            <helpId>HEL_000</helpId>
        </crisisWayToHelpPair>
    </crisisWaysToHelp>

    <contactInfos>    
        <contactInfo>
            <contactInfoId>CON_000</contactInfoId>
            <phoneNumber>1-888-567-234</phoneNumber>
            <emailAddress>nrazak@yahoo.com</emailAddress>
            <facebookUrlId>URL_005</facebookUrlId>
            <twitterUrlId>URL_006</twitterUrlId>
            <websiteUrlId>URL_007</websiteUrlId>
        </contactInfo>
    </contactInfos>    
    <orgContactInfos>    
        <orgContactInfoPair>
            <orgId>ORG_000</orgId>
            <contactInfoId>CON_000</contactInfoId>
        </orgContactInfoPair>
    </orgContactInfos>  

    <citations>
        <citationPair>
            <citationId>CIT_000</citationId>
            <citation>Citation Link Here</citation>
        </citationPair>
    </citations> 
    <crisisCitations>
        <crisisCitationPair>
            <citationId>CIT_000</citationId>
            <crisisId>CRI_000</crisisId>
        </crisisCitationPair>
    </crisisCitations>
     <orgCitations>
        <orgCitationPair>
            <orgId>ORG_000</orgId>
            <citationId>CIT_000</citationId>
        </orgCitationPair>
    </orgCitations>
     <personCitations>
        <personCitationPair>
            <personId>PER_000</personId>
            <citationId>CIT_000</citationId>
        </personCitationPair>
    </personCitations>

    <urls>
        <url>
            <urlId>URL_000</urlId>
            <type>Website</type>
            <urlAddress>http://en.wikipedia.org/wiki/Prime_Minister_of_Malaysia</urlAddress>
        </url>
        <url>
            <urlId>URL_001</urlId>
            <type>Website</type>
            <urlAddress>http://www.malaysiaairlines.com</urlAddress>
        </url>
        <url>
            <urlId>URL_002</urlId>
            <type>Image</type>
            <urlAddress>http://en.wikipedia.org/wiki/File:Najib_Razak_2008-08-21.jpg</urlAddress>
        </url>
        <url>
            <urlId>URL_003</urlId>
            <type>SocialNetwork</type>
            <urlAddress>http://twitter.com/Plaid_Razak</urlAddress>
        </url>
    </urls>
    <crisisUrls>
        <crisisUrlPair>
            <crisisId>CRI_000</crisisId>
            <urlId>URL_000</urlId>
        </crisisUrlPair>
    </crisisUrls>
    <orgUrls>
        <orgUrlPair>
            <orgId>ORG_000</orgId>
            <urlId>URL_000</urlId>
        </orgUrlPair>
    </orgUrls>
    <personUrls>
        <personUrlPair>
            <personId>PER_000</personId>
            <urlId>URL_000</urlId>
        </personUrlPair>
    </personUrls>

    <crisisOrgs>
        <crisisOrgPair>
            <crisisId>CRI_000</crisisId>
            <orgId>ORG_000</orgId>
        </crisisOrgPair>
    </crisisOrgs> 
    <crisisPeople>
        <crisisPersonPair>
            <crisisId>CRI_000</crisisId>
            <personId>PER_000</personId>
        </crisisPersonPair>
    </crisisPeople>
    <orgPeople>
        <orgPersonPair>
            <orgId>ORG_000</orgId>
            <personId>PER_000</personId>
        </orgPersonPair>
    </orgPeople>

    <crises>
        <crisis>
            <crisisId>CRI_005</crisisId>
            <name>UT Tower Shooting</name>
            <kind>Assassination / Shooting</kind>
            <streetAddress>University Avenue</streetAddress>
            <city>Austin</city>
            <stateOrProvince>TX</stateOrProvince>
            <postalCode>78705</postalCode>
            <country>USA</country>
            <dateAndTime>1966-08-01T03:00:00</dateAndTime>
            <fatalities>16</fatalities>
            <injuries>32</injuries>
            <populationIll>32</populationIll>
            <populationDisplaced>0</populationDisplaced>
            <environmentalImpact>Unknown</environmentalImpact>
            <politicalChanges>Unknown</politicalChanges>
            <culturalChanges>Unkown</culturalChanges>
            <jobsLost>1</jobsLost>
            <damageInUSD>1000</damageInUSD>
            <reparationCost>2000</reparationCost>
            <regulatoryChanges>Stricter Security on Campus</regulatoryChanges>
        </crisis>
    </crises>
    <orgs>
        <org>
            <orgId>ORG_005</orgId>
            <name>Austin Police Department</name>
            <kind>Government Agency</kind>
            <streetAddress>715 E 8th St</streetAddress>
            <city>Austin</city>
            <stateOrProvince>TX</stateOrProvince>
            <postalCode>78705</postalCode>
            <country>USA</country>
            <foundingMission>Protect the city of Austin</foundingMission>
            <dateFounded>1839-01-01</dateFounded>
            <majorEvents>This event</majorEvents>
        </org>
    </orgs>
    <people>
        <person>
            <personId>PER_005</personId>
            <name>Charles Whitman</name>
            <kind>Humanitarian</kind>
            <streetAddress>University Avenue</streetAddress>
            <city>Austin</city>
            <stateOrProvince>TX</stateOrProvince>
            <postalCode>78705</postalCode>
            <country>USA</country>
        </person>
    </people>

    <resources>
        <resourcePair>
            <resourceId>RES_010</resourceId>
            <resource>Food</resource>
        </resourcePair>
        <resourcePair>
            <resourceId>RES_011</resourceId>
            <resource>Water</resource>
        </resourcePair>
    </resources>
    <crisisResources>
        <crisisResourcePair>
            <crisisId>CRI_005</crisisId>
            <resourceId>RES_010</resourceId>
        </crisisResourcePair>
    </crisisResources> 

    <waysToHelp>
        <wayToHelpPair>
            <helpId>HEL_005</helpId>
            <wayToHelp>Awareness</wayToHelp>
        </wayToHelpPair>
    </waysToHelp>
    <crisisWaysToHelp>
        <crisisWayToHelpPair>
            <crisisId>CRI_005</crisisId>
            <helpId>HEL_005</helpId>
        </crisisWayToHelpPair>
    </crisisWaysToHelp>

    <contactInfos>    
        <contactInfo>
            <contactInfoId>CON_005</contactInfoId>
            <phoneNumber>1-800-512-512</phoneNumber>
            <emailAddress>austinPD@gmail.com</emailAddress>
            <facebookUrlId>URL_100</facebookUrlId>
            <twitterUrlId>URL_100</twitterUrlId>
            <websiteUrlId>URL_300</websiteUrlId>
        </contactInfo>
    </contactInfos>    
    <orgContactInfos>    
        <orgContactInfoPair>
            <orgId>ORG_005</orgId>
            <contactInfoId>CON_005</contactInfoId>
        </orgContactInfoPair>
    </orgContactInfos>  

    <citations>
        <citationPair>
            <citationId>CIT_005</citationId>
            <citation>Citation Link</citation>
        </citationPair>
    </citations> 
    <crisisCitations>
        <crisisCitationPair>
            <citationId>CIT_005</citationId>
            <crisisId>CRI_005</crisisId>
        </crisisCitationPair>
    </crisisCitations>
     <orgCitations>
        <orgCitationPair>
            <orgId>ORG_005</orgId>
            <citationId>CIT_005</citationId>
        </orgCitationPair>
    </orgCitations>
     <personCitations>
        <personCitationPair>
            <personId>PER_005</personId>
            <citationId>CIT_005</citationId>
        </personCitationPair>
    </personCitations>

    <urls>
        <url>
            <urlId>URL_005</urlId>
            <type>Image</type>
            <urlAddress>http://en.wikipedia.org/wiki/File:Whitman1963.jpg</urlAddress>
        </url>
        <url>
            <urlId>URL_006</urlId>
            <type>Website</type>
            <urlAddress>http://www.austintexas.gov/department/police</urlAddress>
        </url>
        <url>
            <urlId>URL_007</urlId>
            <type>SocialNetwork</type>
            <urlAddress>https://www.facebook.com/AustinPolice</urlAddress>
        </url>
        <url>
            <urlId>URL_008</urlId>
            <type>Website</type>
            <urlAddress>http://en.wikipedia.org/wiki/Charles_Whitman</urlAddress>
        </url>
    </urls>
    <crisisUrls>
        <crisisUrlPair>
            <crisisId>CRI_005</crisisId>
            <urlId>URL_008</urlId>
        </crisisUrlPair>
    </crisisUrls>
    <orgUrls>
        <orgUrlPair>
            <orgId>ORG_005</orgId>
            <urlId>URL_006</urlId>
        </orgUrlPair>
    </orgUrls>
    <personUrls>
        <personUrlPair>
            <personId>PER_005</personId>
            <urlId>URL_005</urlId>
        </personUrlPair>
    </personUrls>

    <crisisOrgs>
        <crisisOrgPair>
            <crisisId>CRI_005</crisisId>
            <orgId>ORG_005</orgId>
        </crisisOrgPair>
    </crisisOrgs> 
    <crisisPeople>
        <crisisPersonPair>
            <crisisId>CRI_005</crisisId>
            <personId>PER_005</personId>
        </crisisPersonPair>
    </crisisPeople>
    <orgPeople>
        <orgPersonPair>
            <orgId>ORG_005</orgId>
            <personId>PER_005</personId>
        </orgPersonPair>
    </orgPeople>


</root>

<red>
    <green>
        <blue></blue>
        <yellow></yellow>
    </green>
</red>

<red>
    <green>
        <blue></blue>
        <yellow></yellow>
    </green>
</red>

<red>
    <green>
        <blue></blue>
        <yellow></yellow>
    </green>
</red>

<red>
    <green>
        <blue></blue>
        <yellow></yellow>
    </green>
</red>

<parent>
  <child1>
  </child1>
  <child2>
  </child2>
  <child3>
  </child3>
</parent>