<Crisis CIdent="CRI_001">
	<Name>Chernobyl Accident</Name>
	<Kind CKindIdent="CK_001" />
	<Location>
		<City>Chernobyl</City>
		<Country>Ukraine</Country>
	</Location>
	<DateAndTime>
		<Date>1986-04-26</Date>
		<Time>01:23:48</Time>
	</DateAndTime>
	<HumanImpact>
		<Death>290000</Death>
		<Injury>270000</Injury>
		<Relocation>335000</Relocation>	
	</HumanImpact>
	<EconomicImpact>
		<DirectImpact>Up to 60 sq. mi. of farmland is likely to remain contaminated for decades</DirectImpact>
		<IndirectImpact>Costs include resettlement, social protection, health care, environmental research</IndirectImpact>
		<TotalImpact>Belarus estimated $235 Billion, but the actual amount is hard to decide</TotalImpact>
	</EconomicImpact>
	<ResourcesNeeded>
		<Resources rIdent="RN_001" />
		<Resources rIdent="RN_005" />
	</ResourcesNeeded> 
	<WaysToHelp>
		<Way wIdent="WH_001" />
	</WaysToHelp>  
	<ExternalInfo>
		<ImageURL>http://www.rapik.com/photo/thumbnails.php?album=38</ImageURL>
		<VideoURL>http://www.youtube.com/watch?v=YfulqRdDbsg</VideoURL>
		<MapURL>http://upload.wikimedia.org/wikipedia/commons/2/23/Chernobyl_radiation_map_1996.svg</MapURL>
		<SocialNetworkFeedURL>https://www.facebook.com/pages/Chernobyl-Ukraine/110869988937000</SocialNetworkFeedURL>
		<Citation>http://www.ccoc.net/the-chernobyl-disaster/the-story</Citation>
		<Citation>http://www.world-nuclear.org/info/Safety-and-Security/Safety-of-Plants/Chernobyl-Accident/</Citation>
		<Citation>http://www.forbes.com/2011/03/16/japan-disaster-nuclear-opinions-roubini-economics.html</Citation>	
		<Citation>http://www.iaea.org/newscenter/focus/chernobyl/faqs.shtml</Citation>		
		<ExternalLinkURL>http://chernobyl.undp.org/english/</ExternalLinkURL>
		<ExternalLinkURL>http://englishrussia.com/2009/04/29/at-the-nuclear-power-plant/</ExternalLinkURL>
	</ExternalInfo>
	<RelatedPersons>
		<RelatedPerson PIdent="PER_001" />
	</RelatedPersons>
	<RelatedOrganizations>
		<RelatedOrganization OIdent="ORG_001" />
	</RelatedOrganizations>
</Crisis>

<Crisis CIdent="CRI_002"> 
	<Name>UT Tower Shooting</Name>
	<Kind CKindIdent="CK_005" /> 
	<Location> 
		<City>Austin</City>
		<State>Texas</State>
		<Country>United States</Country>
	</Location>
	<DateAndTime>
		<Date>1966-08-01</Date> 
		<Time>11:48:00</Time> 
	</DateAndTime>
	<HumanImpact> 
		<Death>16</Death>
		<Injury>31</Injury>	
		<Relocation>0</Relocation>
	</HumanImpact>
	<EconomicImpact> 
		<DirectImpact>$5000 in 1967</DirectImpact>
	</EconomicImpact>
	<ResourcesNeeded> 
		<Resources rIdent="RN_002" />
		<Resources rIdent="RN_003" />
	</ResourcesNeeded> 
	<WaysToHelp> 
		<Way wIdent="WH_001" />
	</WaysToHelp>  
	<ExternalInfo> 
		<ImageURL>http://alcalde.texasexes.org/wp-content/uploads/2012/08/7693379456_edf705e865_z.jpg</ImageURL>
		<VideoURL>http://www.youtube.com/watch?v=ShlbXlfQlkU</VideoURL>
		<MapURL>http://www.utexas.edu/maps/main/areas/graphics/tower.gif</MapURL>
		<Citation>http://alcalde.texasexes.org/2012/08/remembering-the-ut-tower-shooting-46-years-later/</Citation> 
		<Citation>http://www.crimelibrary.com/notorious_murders/mass/whitman/index_1.html</Citation>
		<ExternalLinkURL>http://www.personal.psu.edu/faculty/r/a/rae2/tower/memorial.html/</ExternalLinkURL> 
	</ExternalInfo>
	<RelatedPersons> 
		<RelatedPerson PIdent="PER_002" />
	</RelatedPersons>
	<RelatedOrganizations> 
		<RelatedOrganization OIdent="ORG_002" />
	</RelatedOrganizations>
</Crisis>

<Crisis CIdent="CRI_003"> 
	<Name>BP Oil Spill</Name>
	<Kind CKindIdent="CK_001" /> 
	<Location> 
		<City />
		<County />
		<Province />
		<State />
		<Country>Gulf of Mexico</Country>
	</Location>
	<DateAndTime>
		<Date>2010-04-20</Date> 
		<Time>21:45:00</Time> 
	</DateAndTime>
	<HumanImpact> 
		<Death>11</Death>
		<Injury>17</Injury>
		<Relocation>0</Relocation>	
	</HumanImpact>
	<EconomicImpact> 
		<DirectImpact>The Gulf Coast's economic sectors were impacted such as offshore drilling, fishing, and tourism. </DirectImpact>
		<IndirectImpact>Boycott of BP oil around the world, which resulted in severe financial and reputation loss for BP</IndirectImpact>
		<TotalImpact>Over $37.2 billion in expenses</TotalImpact>
	</EconomicImpact>
	<ResourcesNeeded> 
		<Resources rIdent="RN_001" />
		<Resources rIdent="RN_002" />
		<Resources rIdent="RN_006" />
	</ResourcesNeeded>
	<WaysToHelp> 
		<Way wIdent="WH_001" />
		<Way wIdent="WH_002" />
	</WaysToHelp>
	<ExternalInfo> 
		<ImageURL>http://upload.wikimedia.org/wikipedia/commons/9/9d/Deepwater_Horizon_offshore_drilling_unit_on_fire_2010.jpg</ImageURL>
		<ImageURL>http://images.nationalgeographic.com/wpf/media-live/photos/000/213/cache/gulf-oil-spill-killing-wildlife-brown-pelican-wings_21352_600x450.jpg</ImageURL>
		<ImageURL>http://cf.komonews.com/100604_gulf_oil_spill_lg13.jpg</ImageURL>
		<VideoURL>https://www.youtube.com/watch?v=QiF-X-Ez9Bs</VideoURL>
		<VideoURL>https://www.youtube.com/watch?v=R4zlXwt45Hc</VideoURL>
		<VideoURL>https://www.youtube.com/watch?v=-OVNd6Fa9fg</VideoURL>
		<MapURL>https://maps.google.com/maps/ms?ie=UTF8&amp;oe=UTF8&amp;msa=0&amp;msid=101786521158328646175.00048568e0de545981a6c&amp;dg=feature</MapURL>
		<SocialNetworkFeedURL>https://www.facebook.com/BPOilCrisisInTheGulf</SocialNetworkFeedURL> 
		<SocialNetworkFeedURL>https://twitter.com/BPGlobalPR</SocialNetworkFeedURL> 
		<Citation>http://www.theguardian.com/commentisfree/cifamerica/2011/feb/01/bp-twitter-oil-spill</Citation>
		<Citation>http://www.telegraph.co.uk/finance/newsbysector/energy/oilandgas/7924009/BP-leak-the-worlds-worst-accidental-oil-spill.html</Citation>
		<Citation>http://www.register-iri.com/forms/upload/Republic_of_the_Marshall_Islands_DEEPWATER_HORIZON_Marine_Casualty_Investigation_Report-Low_Resolution.pdf</Citation>
		<ExternalLinkURL>http://ocean.si.edu/gulf-oil-spill</ExternalLinkURL> 
		<ExternalLinkURL>http://www.epa.gov/BPSpill/qanda.html</ExternalLinkURL> 
	</ExternalInfo>
	<RelatedPersons> 
		<RelatedPerson PIdent="PER_003" />
	</RelatedPersons>
	<RelatedOrganizations> 
		<RelatedOrganization OIdent="ORG_003" />
	</RelatedOrganizations>
</Crisis>

<Crisis CIdent="CRI_004"> 
	<Name>Hurricane Ike</Name>
	<Kind CKindIdent="CK_002" /> 
	<Location> 
		<City />
		<County />
		<Province />
		<State />
		<Country>Haiti, USA, Bahamas, Cuba, Dominican Republic</Country>
	</Location>
	<DateAndTime>
		<Date>2008-09-01</Date> 
		<Time>00:00:00</Time>
	</DateAndTime>
	<HumanImpact> 
		<Death>195</Death>
		<Relocation>1000000</Relocation>	
	</HumanImpact>
	<EconomicImpact>
		<DirectImpact>There was significant property damage and flooding throughout all the affected areas</DirectImpact>
		<IndirectImpact>Local businesses were completely destroyed</IndirectImpact>
		<TotalImpact>Over $37.5 billion in damages</TotalImpact>
	</EconomicImpact>
	<ResourcesNeeded> 
		<Resources rIdent="RN_001" />
		<Resources rIdent="RN_002" />
		<Resources rIdent="RN_003" />
		<Resources rIdent="RN_004" />
		<Resources rIdent="RN_005" />
		<Resources rIdent="RN_006" />
	</ResourcesNeeded>
	<WaysToHelp> 
		<Way wIdent="WH_001" />
		<Way wIdent="WH_002" />
	</WaysToHelp>
	<ExternalInfo>
		<ImageURL>http://upload.wikimedia.org/wikipedia/commons/0/0c/Hurricane_Ike-38265.jpg</ImageURL>
		<ImageURL>http://upload.wikimedia.org/wikipedia/commons/c/c1/Hurricane_Ike_off_the_Lesser_Antilles.jpg</ImageURL>
		<ImageURL>http://en.wikipedia.org/wiki/File:Destroyed_school_in_Port-Au-Prince.jpg</ImageURL>
		<VideoURL>https://www.youtube.com/watch?v=mJbfGUylkR0</VideoURL>
		<VideoURL>https://www.youtube.com/watch?v=VPjIfmZhU1g</VideoURL>
		<VideoURL>https://www.youtube.com/watch?v=JBfKJtbVZ74</VideoURL>
		<MapURL>https://maps.google.com/maps/ms?ie=UTF8&amp;oe=UTF8&amp;msa=0&amp;msid=117338013494279539826.000456baadd78b956b542&amp;dg=feature</MapURL>
		<SocialNetworkFeedURL>https://www.facebook.com/ikestories</SocialNetworkFeedURL> 
		<SocialNetworkFeedURL>https://twitter.com/hurricaneike</SocialNetworkFeedURL> 
		<Citation>http://news.bbc.co.uk/2/hi/americas/7613851.stm</Citation>
		<Citation>http://www.nhc.noaa.gov/pdf/TCR-AL092008_Ike_3May10.pdf</Citation>
		<Citation>http://usatoday30.usatoday.com/news/world/2008-09-07-haiti_N.htm</Citation> 
		<ExternalLinkURL>http://coastal.er.usgs.gov/hurricanes/ike/index.html</ExternalLinkURL> 
		<ExternalLinkURL>http://www.boston.com/bigpicture/2008/09/the_short_but_eventful_life_of.html</ExternalLinkURL> 
		<ExternalLinkURL>http://www.nhc.noaa.gov/archive/2008/IKE.shtml?</ExternalLinkURL> 
	</ExternalInfo>
	<RelatedPersons> 
		<RelatedPerson PIdent="PER_004" />
	</RelatedPersons>
	<RelatedOrganizations> 
		<RelatedOrganization OIdent="ORG_004" />
	</RelatedOrganizations>
</Crisis>

<Crisis CIdent="CRI_005"> 
	<Name>9-11</Name>
	<Kind CKindIdent="CK_004" /> 
	<Location> 
		<City>New York City</City>
		<County />
		<Province />
		<State>New York</State>
		<Country>United States</Country>
	</Location>
	<DateAndTime>
		<Date>2001-09-11</Date> 
		<Time>08:46:30</Time> 
	</DateAndTime>
	<HumanImpact> 
		<Death>2996</Death>
	</HumanImpact>
	<EconomicImpact> 
		<DirectImpact>2,996 deaths</DirectImpact>
		<IndirectImpact>3.9 billion for new WTC</IndirectImpact>
		<TotalImpact />
	</EconomicImpact>
	<ResourcesNeeded> 
		<Resources rIdent="RN_001" />
		<Resources rIdent="RN_002" />
		<Resources rIdent="RN_003" />
		<Resources rIdent="RN_004" />
	</ResourcesNeeded> 
	<WaysToHelp> 
		<Way wIdent="WH_001" />
	</WaysToHelp>  
	<ExternalInfo> 
		<ImageURL>http://upload.wikimedia.org/wikipedia/commons/e/e5/North_face_south_tower_after_plane_strike_9-11.jpg</ImageURL>
		<ImageURL>http://upload.wikimedia.org/wikipedia/commons/a/ab/French_Urban_Search_and_Rescue.jpg</ImageURL>
		<ImageURL>http://upload.wikimedia.org/wikipedia/commons/c/cd/World_Trade_Center_3_After_9-11_Attacks_With_Original_Building_Locations.jpg</ImageURL>
		<VideoURL>https://www.youtube.com/watch?v=GmedslmeiUc</VideoURL>
		<MapURL>https://www.google.com/maps/place/9%2F11+Ground+Zero+Tour/@40.7098355,-74.0124321,16z/data=!4m6!1m3!3m2!1s0x89c25a1900381b53:0x4d0f11283f2c61ca!2s9%2F11+Memorial!3m1!1s0x0:0xb7344d2be25276f9 </MapURL>
		<SocialNetworkFeedURL /> 
		<Citation>http://www.nysm.nysed.gov/wtc/index.html</Citation> 
		<ExternalLinkURL>http://en.wikipedia.org/wiki/U.S._government_response_to_the_September_11_attacks </ExternalLinkURL> 
	</ExternalInfo>
	<RelatedPersons> 
		<RelatedPerson PIdent="PER_005" />
	</RelatedPersons>
	<RelatedOrganizations> 
		<RelatedOrganization OIdent="ORG_005" />
	</RelatedOrganizations>
</Crisis>

<Crisis CIdent="CRI_006"> 
	<Name>Haiti Earthquake</Name>
	<Kind CKindIdent="CK_002" /> 
	<Location> 
		<City>Léogâne</City>
		<County />
		<Province />
		<State />
		<Country>Haiti</Country>
	</Location>
	<DateAndTime>
		<Date>2010-01-12</Date>
		<Time>04:53:00</Time> 
	</DateAndTime>
	<HumanImpact> 
		<Death>222500</Death>
		<Injury>0</Injury>
		<Relocation>1500000</Relocation>	
	</HumanImpact>
	<EconomicImpact> 
		<DirectImpact>$7.8 billion</DirectImpact>
		<IndirectImpact>3.9 billion for new WTC</IndirectImpact>
		<TotalImpact />
	</EconomicImpact>
	<ResourcesNeeded> 
		<Resources rIdent="RN_001" />
		<Resources rIdent="RN_002" />
		<Resources rIdent="RN_003" />
		<Resources rIdent="RN_004" />
	</ResourcesNeeded> 
	<WaysToHelp> 
		<Way wIdent="WH_001" />
	</WaysToHelp>  
	<ExternalInfo> 
		<ImageURL>http://upload.wikimedia.org/wikipedia/commons/e/e5/North_face_south_tower_after_plane_strike_9-11.jpg</ImageURL>
		<ImageURL>http://upload.wikimedia.org/wikipedia/commons/a/ab/French_Urban_Search_and_Rescue.jpg</ImageURL>
		<ImageURL>http://theodorosii.files.wordpress.com/2013/11/1368224853201.jpg</ImageURL>
		<VideoURL>https://www.youtube.com/watch?v=8IySBl2aq-A</VideoURL>
		<MapURL>https://www.google.com/maps/place/L%C3%A9og%C3%A2ne/@18.5103159,-72.626946,15z/data=!3m1!4b1!4m2!3m1!1s0x8eb9cdcd5558ae65:0xf020c6e583ae7ab9 </MapURL>
		<SocialNetworkFeedURL>https://twitter.com/CBSNews/lists/haiti-earthquake</SocialNetworkFeedURL> 
		<Citation>http://www.oxfam.org/en/haitiquake</Citation> 
		<ExternalLinkURL>http://en.wikipedia.org/wiki/2010_Haiti_earthquake</ExternalLinkURL>
		<ExternalLinkURL>http://content.time.com/time/specials/packages/0,28757,1953379,00.html?iid=redirect-haiti</ExternalLinkURL>
		<ExternalLinkURL>http://www.who.int/hac/crises/hti/en/</ExternalLinkURL>
	</ExternalInfo>
	<RelatedPersons>
		<RelatedPerson PIdent="PER_010" />
	</RelatedPersons>
	<RelatedOrganizations>
		<RelatedOrganization OIdent="ORG_004" />
	</RelatedOrganizations>
</Crisis>

<Crisis CIdent="CRI_007">
	<Name>1900 Galveston Hurricane</Name>
	<Kind CKindIdent="CK_002" />
	<Location>
		<City>Galveston</City>
		<County>Galveston County</County>
		<Province />
		<State>Texas</State>
		<Country>United States</Country>
	</Location>
	<DateAndTime>
		<Date>1900-09-08</Date>
		<Time>08:45:00</Time>
	</DateAndTime>
	<HumanImpact>
		<Death>8000</Death>
		<Injury>5000</Injury>
		<Relocation>0</Relocation>
	</HumanImpact>
	<EconomicImpact>
		<DirectImpact />
		<IndirectImpact />
		<TotalImpact>$30,000,000</TotalImpact>
	</EconomicImpact>
	<ResourcesNeeded>
		<Resources rIdent="RN_001" />
		<Resources rIdent="RN_002" />
		<Resources rIdent="RN_003" />
		<Resources rIdent="RN_004" />
		<Resources rIdent="RN_005" />
	</ResourcesNeeded>
	<WaysToHelp>
		<Way wIdent="WH_001" />
	</WaysToHelp>  
	<ExternalInfo> 
		<ImageURL>http://graphics8.nytimes.com/images/2008/09/12/timestopics/topics_galveston1900_395.jpg</ImageURL>
		<VideoURL>http://www.youtube.com/watch?v=ZX88xLJVfpI</VideoURL>
		<MapURL>https://www.google.com/maps/@29.2653098,-94.868356,12z</MapURL>
		<SocialNetworkFeedURL>https://www.facebook.com/pages/1900-Galveston-hurricane/135675969796060</SocialNetworkFeedURL> 
		<Citation>http://www.history.noaa.gov/stories_tales/cline2.html</Citation> 
		<Citation>http://www.gthcenter.org/exhibits/storms/1900/victims/stormfaq.htm</Citation>
		<Citation>http://www.texasalmanac.com/topics/history/galvestons-response-hurricane-1900</Citation>
		<ExternalLinkURL /> 
	</ExternalInfo>
	<RelatedPersons> 
		<RelatedPerson PIdent="PER_007" />
	</RelatedPersons>
	<RelatedOrganizations> 
		<RelatedOrganization OIdent="ORG_007" />
	</RelatedOrganizations>
</Crisis>

<Crisis CIdent="CRI_008"> 
	<Name>Hindenburg Crash</Name>
	<Kind CKindIdent="CK_001" /> 
	<Location> 
		<City>Lakehurst</City>
		<County>Ocean</County>
		<Province />
		<State>New Jersey</State>
		<Country>United States</Country>
	</Location>
	<DateAndTime>
		<Date>1937-05-06</Date> 
		<Time>19:25:00</Time> 
	</DateAndTime>
	<HumanImpact> 
		<Death>36</Death>	
	</HumanImpact>
	<EconomicImpact> 
		<DirectImpact />
		<IndirectImpact />
		<TotalImpact />
	</EconomicImpact>
	<ResourcesNeeded> 
		<Resources rIdent="RN_001" />
		<Resources rIdent="RN_002" />
	</ResourcesNeeded> 
	<WaysToHelp> 
		<Way wIdent="WH_001" />
	</WaysToHelp>  
	<ExternalInfo> 
		<ImageURL>http://www.thedrinksbusiness.com/wordpress/wp-content/uploads/2013/11/Hindenburg-disaster.jpg</ImageURL>
		<VideoURL>http://www.youtube.com/watch?v=CgWHbpMVQ1U</VideoURL>
		<MapURL>https://www.google.com/maps/place/Lakehurst,+NJ/@40.0128584,-74.3151804,15z/data=!3m1!4b1!4m2!3m1!1s0x89c170d0e0581fb1:0x8296081bf8d04b09</MapURL>
		<SocialNetworkFeedURL /> 
		<Citation>http://www.airships.net/hindenburg/disaster</Citation> 
		<ExternalLinkURL /> 
	</ExternalInfo>
	<RelatedPersons> 
		<RelatedPerson PIdent="PER_008" />
	</RelatedPersons>
	<RelatedOrganizations> 
		<RelatedOrganization OIdent="ORG_008" />
	</RelatedOrganizations>
</Crisis>

<Crisis CIdent="CRI_009"> 
	<Name>Cuban Missile Crisis</Name>
	<Kind CKindIdent="CK_003" /> 
	<Location> 
		<Country>United States, Cuba</Country>
	</Location>
	<DateAndTime>
		<Date>1962-10-14</Date> 
	</DateAndTime>
	<HumanImpact> 
		<Death>1</Death>
		<Injury>0</Injury>
	</HumanImpact>
	<EconomicImpact> 
		<DirectImpact>Military blockade on cuba</DirectImpact>
		<IndirectImpact>Relation worsen with USSR and Cuba</IndirectImpact>
	</EconomicImpact>
	<ResourcesNeeded> 
		<Resources rIdent="RN_007" />
	</ResourcesNeeded> 
	<WaysToHelp> 
		<Way wIdent="WH_003" />
	</WaysToHelp>  
	<ExternalInfo> 
		<ImageURL>http://govbooktalk.files.wordpress.com/2012/10/cuba-blockade-headlines.jpg</ImageURL>
		<VideoURL>http://www.history.com/topics/cold-war/cuban-missile-crisis/videos/cuban-missile-crisis</VideoURL>
		<MapURL>http://users.humboldt.edu/ogayle/Hist%20111%20Images/CubanMissileCrisis.gif</MapURL>
		<SocialNetworkFeedURL>https://www.facebook.com/pages/Cuban-Missile-Crisis/105496976151334?ref=br_tf</SocialNetworkFeedURL> 
		<ExternalLinkURL>http://www.jfklibrary.org/JFK/JFK-in-Historyd]/Cuban-Missile-Crisis.aspx</ExternalLinkURL> 
	</ExternalInfo>
	<RelatedPersons> 
		<RelatedPerson PIdent="PER_009" />
	</RelatedPersons>
	<RelatedOrganizations> 
		<RelatedOrganization OIdent="ORG_009" />
	</RelatedOrganizations>
</Crisis>

<Crisis CIdent="CRI_010"> 
	<Name>Cold War</Name>
	<Kind CKindIdent="CK_003" /> 
	<Location> 
		<Country>United States, Russia</Country>
	</Location>
	<DateAndTime>
		<Date>1947-01-01</Date> 
	</DateAndTime>
	<HumanImpact> 
		<Death>12</Death>
		<Injury>44</Injury>
	</HumanImpact>
	<EconomicImpact> 
		<DirectImpact>Huge fiscal mortgage, but open trade policy with China</DirectImpact>
	</EconomicImpact>
	<ResourcesNeeded> 
		<Resources rIdent="RN_001" />
        <Resources rIdent="RN_007" />
	</ResourcesNeeded>
	<WaysToHelp> 
		<Way wIdent="WH_001" />
	</WaysToHelp>
	<ExternalInfo> 
		<ImageURL>http://theodorosii.files.wordpress.com/2013/11/1368224853201.jpg</ImageURL>
		<VideoURL>http://www.youtube.com/watch?v=y9HjvHZfCUI</VideoURL>
		<MapURL>http://ocw.nd.edu/physics/nuclear-warfare/images-1/Cold-War-Map.jpg/image</MapURL>
		<ExternalLinkURL>http://en.wikipedia.org/wiki/United_States_military_casualties_of_war</ExternalLinkURL> 
        <ExternalLinkURL>http://en.wikipedia.org/wiki/Cold_war</ExternalLinkURL>
	</ExternalInfo>
	<RelatedPersons> 
		<RelatedPerson PIdent="PER_009" />
	</RelatedPersons>
	<RelatedOrganizations> 
		<RelatedOrganization OIdent="ORG_010" />
	</RelatedOrganizations>
</Crisis>

<Organization OIdent="ORG_001">
	<Name>International Nuclear Safety Group (INSAG)</Name>
	<Kind OKindIdent="OK_001" />
	<Location>
		<StreetAddress>Vienna International Center, PO Box 100, 1400</StreetAddress>
		<City>Vienna</City>
		<Country>Austria</Country>
	</Location>
	<History>
		The group was founded in 1985 by the International Atomic Energy Agency (IAEA) 
		as an advisory committee in the area of nuclear safety. It consists of about 
		17 safety experts who work in regulatory organizations, research and academic 
		institutions, and the nuclear industry. Over the years, INSAG has produced 
		23 reports with results of various studies, which have greatly advanced 
		nuclear safety. One of its first investigations was the Chernobyl accident. 
	</History>
	<ContactInfo>
		<Telephone>43-1-2600-0</Telephone>
		<Fax>43-1-2600-7</Fax>
		<Email>official.mail@iaea.org</Email>	
	</ContactInfo>
	<ExternalInfo>
		<ImageURL>http://www.iaea.org/newscenter/images/bog_300x200.jpg</ImageURL>
		<VideoURL>http://www.youtube.com/watch?v=Ejuvh-wEl3A</VideoURL>
		<MapURL>http://www.iaea.org/safeguards/Symposium/2010/The_Venue/VIC.htm</MapURL>
		<SocialNetworkFeedURL />
		<Citation>http://www-ns.iaea.org/committees/insag.asp</Citation>
		<Citation>http://www-ns.iaea.org/downloads/coordination/snr-reg-meeting-2008/1-%20INSAG%20Senior%20Regulators%20Meeting%209-15-08.ppt</Citation>
		<ExternalLinkURL>http://www.iaea.org/</ExternalLinkURL>
	</ExternalInfo>
	<RelatedCrises>
		<RelatedCrisis CIdent="CRI_001" />
	</RelatedCrises>
	<RelatedPersons>
		<RelatedPerson PIdent="PER_001" />
	</RelatedPersons>
</Organization>

<Organization OIdent="ORG_002"> 
	<Name>Austin Police Department</Name>
	<Kind OKindIdent="OK_002" />
	<Location>
		<StreetAddress>Austin Police Department, PO Box 689001</StreetAddress> 
		<City>Austin</City>
		<State>Texas</State> 
		<PostalCode>78768-9001</PostalCode> 
		<Country>United States</Country> 
	</Location>
	<History>The Austin Police Deparment is commmitted to protecting the safety and well being of the diverse Austin community.
		The city is divided into nine districts, and each one is overseen by a commander. The number 
		of officers working in each district is based on that district's size and call volume.
	</History>
	<ContactInfo> 
		<Telephone>512-974-5750</Telephone> 
	</ContactInfo>
	<ExternalInfo>
		<ImageURL>http://austintexas.gov/sites/default/files/null/POLICE-apply_now-206x300.jpg</ImageURL>
		<VideoURL>http://www.youtube.com/watch?v=V9QEg4VXliE</VideoURL>
		<SocialNetworkFeedURL>https://www.facebook.com/AustinPolice</SocialNetworkFeedURL> 
		<Citation>http://www.austintexas.gov/department/police/about</Citation>
		<Citation>http://www.lawofficer.com/article/magazine-feature/austin-police-department</Citation>
		<ExternalLinkURL>http://www.austintexas.gov/</ExternalLinkURL> 
	</ExternalInfo>
	<RelatedCrises> 
		<RelatedCrisis CIdent="CRI_002" />
	</RelatedCrises>
	<RelatedPersons> 
		<RelatedPerson PIdent="PER_002" />
	</RelatedPersons>
</Organization>

<Organization OIdent="ORG_003"> 
	<Name>BP</Name>
	<Kind OKindIdent="OK_006" />
	<Location>
		<StreetAddress>International Headquarters 1 St James's Square</StreetAddress>
		<City>London</City>
		<County /> 
		<Province>England</Province> 
		<State /> 
		<PostalCode>SW1Y 4PD</PostalCode> 
		<Country>United Kingdom</Country> 
	</Location>
	<History>In May 1908 a group of British geologists discovered a large amount of oil at Masjid-i-Suleiman in Iran. It was the first commercially significant find of oil in the Middle East. The Shah of Iran granted a concession to William Knox D'Arcy to enable the British to drill for Iran's oil. On 14 April 1909, the Anglo-Persian Oil Company (APOC) was incorporated as a subsidiary of Burmah Oil Company Some of the shares were sold to the public.</History>
	<ContactInfo> 
		<Telephone>44-0-20-7496-4000</Telephone> 
		<Fax>44-0-20-7496-4630</Fax> 
		<Email>careline@bp.com</Email>	
	</ContactInfo>
	<ExternalInfo>
		<ImageURL>http://www.fiedlergroup.com/wp-content/uploads/2013/07/CP.jpg</ImageURL>
		<ImageURL>http://bosserman.files.wordpress.com/2010/06/mr_bp_service_station_night_poland_2700x18001.jpg</ImageURL>
		<ImageURL>http://media.theonion.com/images/articles/article/17564/Massive-Flow-R_jpg_600x345_crop-smart_upscale_q85.jpg</ImageURL>
		<VideoURL>http://www.youtube.com/watch?v=bzkHlRsUspk</VideoURL>
		<VideoURL>http://www.youtube.com/watch?v=bzkHlRsUspk</VideoURL>
		<MapURL>https://maps.google.com/maps/ms?ie=UTF8&amp;t=m&amp;vpsrc=6&amp;oe=UTF8&amp;msa=0&amp;msid=203564522993973896920.0004b12224feae75337cb&amp;dg=feature</MapURL>
		<SocialNetworkFeedURL>https://www.facebook.com/bp</SocialNetworkFeedURL> 
		<SocialNetworkFeedURL>https://twitter.com/BPGlobalPR</SocialNetworkFeedURL> 
		<Citation>http://www.cnbc.com/id/101385068</Citation> 
		<Citation>http://quotes.wsj.com/BP/company-people</Citation> 
		<Citation>http://www.nytimes.com/2010/06/13/us/politics/13bp.html?_r=0</Citation> 
		<ExternalLinkURL>http://www.ohmygas.com/gas-station/Bp-2907-S-1st-St-Austin-TX-78704/86798</ExternalLinkURL> 
		<ExternalLinkURL>http://www.manta.com/c/mms7wtv/bp-america-government-affairs</ExternalLinkURL> 
		<ExternalLinkURL>http://finance.yahoo.com/q?s=BP</ExternalLinkURL> 
	</ExternalInfo>
	<RelatedCrises> 
		<RelatedCrisis CIdent="CRI_003" />
	</RelatedCrises>
	<RelatedPersons> 
		<RelatedPerson PIdent="PER_003" />
	</RelatedPersons>
</Organization>

<Organization OIdent="ORG_004"> 
	<Name>Haitian Government</Name>
	<Kind OKindIdent="OK_002" />
	<Location>
		<StreetAddress>International Headquarters 1 St James's Square</StreetAddress> 
		<City>Port Au Prince</City>
		<County /> 
		<Province /> 
		<State /> 
		<PostalCode /> 
		<Country>Haiti</Country> 
	</Location>
	<History>The constitution was modeled after those of the United States and of France. It was approved in March 1987, but it was completely suspended from June 1988 to March 1989 and was only fully reinstated in October 1994.</History>
	<ContactInfo> 
		<Telephone>202-332-4090</Telephone> 
		<Fax>202-745-7215</Fax> 
		<Email>amb.washington@diplomatie.ht</Email>	
	</ContactInfo>
	<ExternalInfo>
		<ImageURL>http://upload.wikimedia.org/wikipedia/commons/8/87/Palacio_presidencial_de_Haiti.jpg</ImageURL>
		<VideoURL>https://www.youtube.com/watch?v=nIFeLtzBEeQ</VideoURL>
		<MapURL>https://www.google.com/maps/place/National+Palace/@18.5428643,-72.339,18z/data=!3m1!4b1!4m2!3m1!1s0x0:0x61abb72356187e11</MapURL>
		<SocialNetworkFeedURL>https://twitter.com/CFIHT</SocialNetworkFeedURL> 
		<Citation>http://pdba.georgetown.edu/constitutions/haiti/haiti1987.html</Citation> 
		<ExternalLinkURL>https://www.princeton.edu/~achaney/tmve/wiki100k/docs/Politics_of_Haiti.html</ExternalLinkURL> 
	</ExternalInfo>
	<RelatedCrises> 
		<RelatedCrisis CIdent="CRI_004" />
		<RelatedCrisis CIdent="CRI_006" />
	</RelatedCrises>
	<RelatedPersons> 
		<RelatedPerson PIdent="PER_004" />
	</RelatedPersons>
</Organization>

<Organization OIdent="ORG_005"> 
	<Name>Al-Qaeda</Name>
	<Kind OKindIdent="OK_002" />
	<Location>
		<StreetAddress /> 
		<City />
		<County /> 
		<Province /> 
		<State /> 
		<PostalCode /> 
		<Country>Pakistan</Country> 
	</Location>
	<History>Al-Qaeda is a global militant Islamist and takfiri organization founded by Osama bin Laden in Peshawar, Pakistan, around August 1988. . Al-Qaeda first bomb attack was at the Gold Mihor hotel in Aden and it killed two people.  Al-Qaeda is also know for sectarian attacks include the Yazidi community bombings, the Sadr City bombings, the Ashoura Massacre and the April 2007 Baghdad bombings and is at large even with the death of Osama Bin Landen on May 2nd 2011. 
	    </History>
	<ContactInfo> 
	</ContactInfo>
	<ExternalInfo>
		<ImageURL>http://guardianlv.com/wp-content/uploads/2014/01/al-qaeda.jpgmap URLs: https://www.google.com/maps/place/Defense+Intelligence+Agency/@38.8970604,-77.0671163,12z/data=!4m5!1m2!2m1!1sdefense+intelligence+agency!3m1!1s0x89b7b786d62308d3:0xc706846b7ab9289c</ImageURL>
		<VideoURL>https://www.youtube.com/watch?v=Lagdeg1Bz5E</VideoURL>
		<MapURL />
		<SocialNetworkFeedURL /> 
		<Citation>http://en.wikipedia.org/wiki/Al-Qaeda</Citation> 
		<ExternalLinkURL>http://www.onislam.net/english/news/global/453845-decade-after-911-al-qaeda-in-shambles.html</ExternalLinkURL> 
	</ExternalInfo>
	<RelatedCrises> 
		<RelatedCrisis CIdent="CRI_005" />
	</RelatedCrises>
	<RelatedPersons> 
		<RelatedPerson PIdent="PER_005" />
	</RelatedPersons>
</Organization>	

<Organization OIdent="ORG_006"> 
	<Name>UNICEF</Name>
	<Kind OKindIdent="OK_002" />
	<Location>
		<StreetAddress /> 
		<City> New York City</City>
		<County /> 
		<Province /> 
		<State> New York</State> 
		<PostalCode>10038</PostalCode> 
		<Country>United States</Country>
	</Location>
	<History>UNICEF was created by the United Nations General Assembly on December 11, 1946, to provide emergency food and healthcare to children in countries that had been devastated by World War II. UNICEF was created by the United Nations General Assembly on December 11, 1946, to provide emergency food and healthcare to children in countries that had been devastated by World War II. 
	    </History>
	<ContactInfo> 
		<Telephone>212-686-5522</Telephone> 
	</ContactInfo>
	<ExternalInfo>
		<ImageURL>http://upload.wikimedia.org/wikipedia/commons/d/d1/Flag_of_UNICEF.svg</ImageURL>
		<VideoURL>https://www.youtube.com/watch?v=Lagdeg1Bz5E</VideoURL>
		<MapURL>https://www.google.com/maps/place/UNICEF+Headquarters/@40.7500872,-73.9723107,18z/data=!3m1!4b1!4m2!3m1!1s0x0:0x24738d7ac66a710b</MapURL>
		<SocialNetworkFeedURL>https://twitter.com/unicef </SocialNetworkFeedURL> 
		<SocialNetworkFeedURL>https://www.facebook.com/unicef</SocialNetworkFeedURL> 
		<Citation>http://www.unicefusa.org/</Citation>
		<ExternalLinkURL>http://en.wikipedia.org/wiki/UNICEF/</ExternalLinkURL> 
	</ExternalInfo>
	<RelatedCrises> 
		<RelatedCrisis CIdent="CRI_006" />
	</RelatedCrises>
	<RelatedPersons> 
		<RelatedPerson PIdent="PER_006" />
	</RelatedPersons>
</Organization>

<Organization OIdent="ORG_007"> 
	<Name>Johnson and Johnson</Name>
	<Kind OKindIdent="OK_006" />
	<Location>
		<StreetAddress>Johnson and Johnson One Johnson and Johnson Plaza</StreetAddress> 
		<City>New Brunswick</City>
		<County>Middlesex</County> 
		<Province /> 
		<State>New Jersey</State> 
		<PostalCode>08933</PostalCode> 
		<Country>United States</Country> 
	</Location>
	<History>Founded in 1886 by brothers Robert Wood Johnson, James Wood Johnson, and Edward Mead Johnson in New Brunswick, New Jersey as a pharmaceuticals company. Donated money and pharmaceuticals to Galveston Hurricane victims in 1900.</History>
	<ContactInfo> 
		<Telephone>732-524-0400</Telephone> 
	</ContactInfo>
	<ExternalInfo>
		<ImageURL>http://www.dividend.com/blog/wp-content/uploads/storypics/johnson-and-johnson.jpg</ImageURL>
		<VideoURL>http://www.youtube.com/watch?v=r4-5OrdtXpI</VideoURL>
		<MapURL>https://www.google.com/maps/place/Johnson+And+Johnson+Plaza/@40.498906,-74.4422134,17z/data=!3m1!4b1!4m2!3m1!1s0x89c3c65269ad84ab:0xb9f38b5404abf833</MapURL>
		<SocialNetworkFeedURL>https://www.facebook.com/jnj</SocialNetworkFeedURL> 
		<Citation>http://www.jnj.com/</Citation> 
		<Citation>https://www.ccc-consumercarecenter.com/universal-contact-us/us-jnj-ucu/www.jnj.com</Citation>
		<ExternalLinkURL /> 
	</ExternalInfo>
	<RelatedCrises> 
		<RelatedCrisis CIdent="CRI_007" />
	</RelatedCrises>
	<RelatedPersons> 
		<RelatedPerson PIdent="PER_007" />
	</RelatedPersons>
</Organization>

<Organization OIdent="ORG_008"> 
	<Name>Luftschiffbau Zeppelin</Name>
	<Kind OKindIdent="OK_006" />
	<Location>
		<StreetAddress /> 
		<City>Friedrichshafen</City>
		<County /> 
		<Province /> 
		<State /> 
		<PostalCode /> 
		<Country>Germany</Country> 
	</Location>
	<History>Count Ferdinand von Zeppelin gathered his staff to begin the production of giant "flying boats" making the town of Friedrichshafen a D26major aviation center. In World War I, Germany was restricted from building airships and instead it wasn't until 1926 that the Count could continue his work to make air travel popular. The airships were made quite luxurious and were popular until the crash of the Hindenburg in 1937 and World War II which resulted in the destruction of Friedrichshafen. Luftschiffbau Zeppelin began to focus on other means of production such as containers for industry after 1950 and has recently begun the production of airships again. </History>
	<ContactInfo> 
		<Telephone>49-0-7541-202-06</Telephone> 
		<Fax>49-0-7541-202-665</Fax> 
	</ContactInfo>
	<ExternalInfo>
		<ImageURL>http://www.zeppelin-lz.com/fileadmin/images/druck/LUFTSCHIFFBAU_ZEPPELIN.png</ImageURL>
		<VideoURL>http://www.youtube.com/watch?v=f2voBK-A-Ho</VideoURL>
		<MapURL>https://www.google.com/maps/place/Friedrichshafen/@47.6878367,9.4711816,12z/data=!3m1!4b1!4m2!3m1!1s0x479b005e3a13cdd3:0x41f6bb7a5df8420</MapURL>
		<SocialNetworkFeedURL>https://www.facebook.com/pages/Zeppelin-NT/143240342357373?rf=1483979888495948</SocialNetworkFeedURL> 
		<Citation>http://www.zeppelin-lz.com/ueberuns.html</Citation> 
		<Citation>http://www.zeppelin-lz.com/test.html</Citation>
		<Citation>http://www.zeppelin-lz.com/historie.html</Citation>
		<Citation>http://www.zeppelin-lz.com/impressum.html</Citation>
		<ExternalLinkURL /> 
	</ExternalInfo>
	<RelatedCrises> 
		<RelatedCrisis CIdent="CRI_008" />
	</RelatedCrises>
	<RelatedPersons> 
		<RelatedPerson PIdent="PER_008" />
	</RelatedPersons>
</Organization>

<Organization OIdent="ORG_009"> 
	<Name>Defense Intellegence Agency</Name>
	<Kind OKindIdent="OK_002" />
	<Location>
		<Country>United States</Country> 
	</Location>
	<History>DIA was established by Robert S. McNamara in February 1961 to improve organization and coordination of military departments. The agency's mission was the continuous task of collecting, processing, evaluating, analyzing, integrating, producing, and disseminating military intelligence for the department of defense.</History>
	<ContactInfo> 
		<Email>DIA-PAO@dodiis.mil</Email>
	</ContactInfo>
	<ExternalInfo>
		<ImageURL>http://upload.wikimedia.org/wikipedia/commons/9/9d</ImageURL>
		<VideoURL />
		<MapURL>https://www.google.com/maps/place/Defense+Intelligence+Agency/@38.8970604,-77.0671163,12z/data=!4m5!1m2!2m1!1sdefense+intelligence+agency!3m1!1s0x89b7b786d62308d3:0xc706846b7ab9289c</MapURL>
		<SocialNetworkFeedURL>https://www.facebook.com/DIA</SocialNetworkFeedURL> 
		<ExternalLinkURL>http://www.dia.mil/About.aspx</ExternalLinkURL> 
	</ExternalInfo>
	<RelatedCrises> 
		<RelatedCrisis CIdent="CRI_009" />
	</RelatedCrises>
	<RelatedPersons> 
		<RelatedPerson PIdent="PER_009" />
	</RelatedPersons>
</Organization>

<Organization OIdent="ORG_010"> 
	<Name>United Nations</Name>
	<Kind OKindIdent="OK_001" />
	<Location>
		<State>Washington</State> 
		<Country>United States</Country> 
	</Location>
	<History>Franklin D. Roosevelt first coined the term United Nations to describe the Allied countries. The term was first officially used on 1 January 1945, when 26 governments signed the Atlantic Charter. The UN's primary mandate was peacekeeping.</History>
	<ContactInfo> 
		<Email>inquiries2@un.org</Email>
	</ContactInfo>
	<ExternalInfo>
		<ImageURL>http://static.spplus.com/pictures/United-Nations-logo.jpg</ImageURL>
		<VideoURL />
		<MapURL>https://www.google.com/maps/place/United+Nations/@40.7541621,-73.967639,15z/data=!4m5!1m2!2m1!1sunited+nations!3m1!1s0x89c2591ce0874d11:0xc5fae28bdd3df635</MapURL>
		<SocialNetworkFeedURL>https://www.facebook.com/unitednations</SocialNetworkFeedURL> 
		<ExternalLinkURL>http://www.un.org/en/</ExternalLinkURL> 
	</ExternalInfo>
	<RelatedCrises> 
		<RelatedCrisis CIdent="CRI_010" />
	</RelatedCrises>
	<RelatedPersons> 
		<RelatedPerson PIdent="PER_010" />
	</RelatedPersons>
</Organization>
 
<Person PIdent="PER_001">  
	<Name>
		<FirstName>Richard</FirstName>
		<MiddleName>A.</MiddleName> 
		<LastName>Meserve</LastName>
	</Name>
	<Kind PKindIdent="PK_001" />
	<Location>
		<StreetAddress>Carnegie Institution for Science, 1530 P Street Northwest</StreetAddress>
		<City>Washington DC</City>
		<State>Maryland</State>
		<PostalCode>20005</PostalCode>
		<Country>United States</Country>
	</Location>
	<ExternalInfo>
		<ImageURL>http://www.aaas.org/sites/default/files/migrate/uploads/2008meserve.jpg</ImageURL>
		<VideoURL>http://www.youtube.com/watch?v=UjMqZ2CFW68</VideoURL>
		<MapURL>https://www.google.com/maps/place/Carnegie+Institution+for+Science/@38.9095792,-77.0359687,17z/data=!3m1!4b1!4m2!3m1!1s0x0:0xcc19325db48f5a93</MapURL>
		<SocialNetworkFeedURL />
		<Citation>http://carnegiescience.edu/president_richard_meserve</Citation>
		<ExternalLinkURL>http://www.nei.org/News-Media/Speeches/Richard-A-Meserve-Chairman-International-Safety-Gr</ExternalLinkURL>
	</ExternalInfo>
	<RelatedCrises>
		<RelatedCrisis CIdent="CRI_001" />
	</RelatedCrises>
	<RelatedOrganizations>
		<RelatedOrganization OIdent="ORG_001" />
	</RelatedOrganizations>
</Person>

<Person PIdent="PER_002"> 
	<Name>
		<FirstName>Charlie</FirstName>
		<LastName>Whitman</LastName>
	</Name>
	<Kind PKindIdent="PK_008" />
	<Kind PKindIdent="PK_009" />
	<Location>
		<StreetAddress /> 
		<City>Lake Worth</City>
		<County /> 
		<Province /> 
		<State>Florida</State> 
		<PostalCode /> 
		<Country>United States</Country>
	</Location>
	<ExternalInfo>
		<ImageURL>http://murderpedia.org/male.W/images/whitman_charles/Whitman_marriage01.jpg</ImageURL>
		<VideoURL>http://www.youtube.com/watch?v=OON81IJ9yos</VideoURL>
		<MapURL>http://www.utexas.edu/maps/main/areas/graphics/tower.gif</MapURL>
		<SocialNetworkFeedURL /> 
		<Citation>http://www.tshaonline.org/handbook/online/articles/fwh42</Citation>
		<Citation>http://www.biography.com/people/charles-whitman-11495598</Citation>
		<ExternalLinkURL>http://www.findagrave.com/cgi-bin/fg.cgi?page=gr&amp;GRid=5921</ExternalLinkURL> 
	</ExternalInfo>
	<RelatedCrises> 
		<RelatedCrisis CIdent="CRI_002" />
	</RelatedCrises>
	<RelatedOrganizations> 
		<RelatedOrganization OIdent="ORG_002" />
	</RelatedOrganizations>
</Person>

<Person PIdent="PER_003"> 
	<Name>
		<FirstName>Robert</FirstName>
		<MiddleName>Warren</MiddleName> 
		<LastName>Dudley</LastName>
	</Name>
	<Kind PKindIdent="PK_005" />
	<Location>
		<StreetAddress /> 
		<City>New York City</City>
		<County>Queens County</County> 
		<Province />
		<State>New York</State> 
		<PostalCode /> 
		<Country>USA</Country>
	</Location>
	<ExternalInfo>
		<ImageURL>http://upload.wikimedia.org/wikipedia/commons/0/08/Bob_Dudley%2C_January_2011.jpeg</ImageURL>
		<ImageURL>http://ttnewsflash.com/wp-content/uploads/2013/10/Bob-Dudley.jpg</ImageURL>
		<VideoURL>http://video.cnbc.com/gallery/?video=3000183882</VideoURL>
		<MapURL />
		<SocialNetworkFeedURL /> 
		<Citation>http://www.csmonitor.com/USA/2010/0618/Who-is-Bob-Dudley-Five-things-to-know-about-BP-s-new-point-man</Citation> 
		<Citation>http://investing.businessweek.com/research/stocks/people/person.asp?personId=10698473&amp;ticker=BP/:LN</Citation> 
		<ExternalLinkURL>http://www.theguardian.com/business/2010/jul/27/bob-dudley-deep-south-profile</ExternalLinkURL> 
		<ExternalLinkURL>http://www.reuters.com/finance/stocks/officerProfile?symbol=BP&amp;officerId=12</ExternalLinkURL> 
	</ExternalInfo>
	<RelatedCrises>
		<RelatedCrisis CIdent="CRI_003" />
	</RelatedCrises>
	<RelatedOrganizations> 
		<RelatedOrganization OIdent="ORG_003" />
	</RelatedOrganizations>
</Person>

<Person PIdent="PER_004"> 
	<Name>
		<FirstName>Michèle</FirstName>
		<MiddleName>Pierre</MiddleName> 
		<LastName>Louis</LastName>
	</Name>
	<Kind PKindIdent="PK_002" />
	<Location>
		<StreetAddress /> 
		<City>Jérémie</City>
		<County />
		<Province />		
		<State /> 
		<PostalCode /> 
		<Country>Haiti</Country>
	</Location>
	<ExternalInfo>
		<ImageURL>http://upload.wikimedia.org/wikipedia/commons/5/53/Mich%C3%A8le_Pierre-Louis-2009_%282%29.jpg</ImageURL>
		<VideoURL>https://www.youtube.com/watch?v=klL3h_Axfe8</VideoURL>
		<VideoURL>https://www.youtube.com/watch?v=Eds5ZQoJ60g</VideoURL>
		<MapURL />
		<SocialNetworkFeedURL /> 
		<Citation>http://english.people.com.cn/90001/90777/90852/6453569.html</Citation> 
		<Citation>http://www.google.com/hostednews/afp/article/ALeqM5iWbpczz9GEwzBlnN9BaRtZituP-A</Citation> 
		<ExternalLinkURL>http://www.ipsnews.net/2009/07/qa-the-elites-are-like-a-huge-elephant-sitting-on-haiti/</ExternalLinkURL> 
	</ExternalInfo>
	<RelatedCrises> 
		<RelatedCrisis CIdent="CRI_004" />
	</RelatedCrises>
	<RelatedOrganizations> 
		<RelatedOrganization OIdent="ORG_004" />
	</RelatedOrganizations>
</Person>

<Person PIdent="PER_005">  
	<Name>
		<FirstName>Osama</FirstName>
		<LastName>bin Laden</LastName>
	</Name>
	<Kind PKindIdent="PK_007" />
	<Location>
		<StreetAddress /> 
		<City>Abbottābad</City>
		<County /> 
		<Province /> 
		<State /> 
		<PostalCode /> 
		<Country>Pakistan</Country>
	</Location>
	<ExternalInfo>
		<ImageURL>http://en.wikipedia.org/wiki/File:Osama_bin_Laden_portrait.jpg, http://upload.wikimedia.org/wikipedia/commons/c/cd/Osama_bin_Laden_making_a_video_at_his_compound_in_Pakistan-2.jpg</ImageURL>
		<VideoURL>http://www.youtube.com/watch?v=AgAL09DrdwQ</VideoURL>
		<MapURL />
		<SocialNetworkFeedURL /> 
		<Citation>http://en.wikipedia.org/wiki/Osama_bin_Laden</Citation> 
		<ExternalLinkURL /> 
	</ExternalInfo>
	<RelatedCrises> 
		<RelatedCrisis CIdent="CRI_005" />
	</RelatedCrises>
	<RelatedOrganizations> 
		<RelatedOrganization OIdent="ORG_005" />
	</RelatedOrganizations>
</Person>

<Person PIdent="PER_006">  
	<Name>
		<FirstName>Anthony</FirstName>
		<MiddleName /> 
		<LastName>Lake</LastName>
	</Name>
	<Kind PKindIdent="PK_007" />
	<Location>
		<StreetAddress /> 
		<City>New York City</City>
		<County /> 
		<Province />
		<State /> 
		<PostalCode /> 
		<Country>United States</Country>
	</Location>
	<ExternalInfo>
		<ImageURL>http://en.wikipedia.org/wiki/Anthony_Lake </ImageURL>
		<VideoURL>http://www.youtube.com/watch?v=x2N556fNuLc</VideoURL>
		<MapURL />
		<SocialNetworkFeedURL /> 
		<Citation>http://en.wikipedia.org/wiki/Anthony_Lake</Citation>
		<ExternalLinkURL>http://www.un.org/News/Press/docs/2010/sga1226.doc.htm</ExternalLinkURL>
	</ExternalInfo>
	<RelatedCrises> 
		<RelatedCrisis CIdent="CRI_006" />
	</RelatedCrises>
	<RelatedOrganizations> 
		<RelatedOrganization OIdent="ORG_006" />
	</RelatedOrganizations>
</Person>

<Person PIdent="PER_007">  
	<Name>
		<FirstName>Robert</FirstName>
		<MiddleName>Wood</MiddleName> 
		<LastName>Johnson</LastName>
	</Name>
	<Kind PKindIdent="PK_005" />
	<Location>
		<StreetAddress /> 
		<City>New Brunswick</City>
		<County>Middlesex</County> 
		<Province /> 			
		<State>New Jersey</State> 
		<PostalCode>08933</PostalCode> 
		<Country>United States</Country>
	</Location>
	<ExternalInfo>
		<ImageURL>http://www.kilmerhouse.com/wp-content/uploads/2007/01/rwjohnsonia.jpg</ImageURL>
		<VideoURL />
		<MapURL>https://www.google.com/maps/place/Johnson+And+Johnson+Plaza/@40.498906,-74.4422134,17z/data=!3m1!4b1!4m2!3m1!1s0x89c3c65269ad84ab:0xb9f38b5404abf833</MapURL>
		<SocialNetworkFeedURL>https://www.facebook.com/pages/Robert-Wood-Johnson-I/138121969542479 </SocialNetworkFeedURL> 
		<Citation>http://www.jnj.com/about-jnj/company-history</Citation> 
		<Citation>http://www.jnj.com/about-jnj/company-history/founders</Citation>
		<ExternalLinkURL /> 
	</ExternalInfo>
	<RelatedCrises> 
		<RelatedCrisis CIdent="CRI_007" />
	</RelatedCrises>
	<RelatedOrganizations> 
		<RelatedOrganization OIdent="ORG_007" />
	</RelatedOrganizations>
</Person>

<Person PIdent="PER_008">  
	<Name>
		<FirstName>Ernst</FirstName>
		<MiddleName>August</MiddleName> 
		<LastName>Lehmann</LastName>
	</Name>
	<Kind PKindIdent="PK_005" />
	<Location>
		<StreetAddress /> 
		<City>Ludwigshafen am Rhein</City>
		<County /> 
		<Province /> 
		<State /> 
		<PostalCode /> 
		<Country>Germany</Country>
	</Location>
	<ExternalInfo>
		<ImageURL>http://upload.wikimedia.org/wikipedia/commons/e/ee/Ernst_August_Lehmann_.jpg</ImageURL>
		<VideoURL />
		<MapURL>https://www.google.com/maps/place/Ludwigshafen/@49.4874026,8.3875752,12z/data=!3m1!4b1!4m2!3m1!1s0x4797cc6973da8163:0x398edc7a57771cc2</MapURL>
		<SocialNetworkFeedURL>https://www.facebook.com/pages/Ernst-A-Lehmann/243305002363401?rf=155894694556243</SocialNetworkFeedURL> 
		<Citation>http://www.airships.net/captain-ernst-lehmann</Citation> 
		<ExternalLinkURL /> 
	</ExternalInfo>
	<RelatedCrises> 
		<RelatedCrisis CIdent="CRI_008" />
	</RelatedCrises>
	<RelatedOrganizations> 
		<RelatedOrganization OIdent="ORG_008" />
	</RelatedOrganizations>
</Person>

<Person PIdent="PER_009">  
	<Name>
		<FirstName>Fidel</FirstName>
		<LastName>Castro</LastName>
	</Name>
	<Kind PKindIdent="PK_007" />
	<Location>
		<City>Biran</City>
		<Country>Cuba</Country>
	</Location>
	<ExternalInfo>
		<ImageURL>http://jeweell.com/data_images/out/70/1158213-fidel-castro.jpg</ImageURL>
        <ImageURL>http://a.abcnews.go.com/images/US/gty_fidel_castro_3_dm_130423_wg.jpg</ImageURL>
		<VideoURL>http://www.youtube.com/watch?v=qQ24jmIHIUk</VideoURL>
		<SocialNetworkFeedURL>https://www.facebook.com/f.c.fan.page</SocialNetworkFeedURL> 
		<ExternalLinkURL>http://www.britannica.com/EBchecked/topic/98822/Fidel-Castro</ExternalLinkURL> 
	</ExternalInfo>
	<RelatedCrises> 
		<RelatedCrisis CIdent="CRI_009" />
	</RelatedCrises>
	<RelatedOrganizations> 
		<RelatedOrganization OIdent="ORG_009" />
	</RelatedOrganizations>
</Person>