<<<<<<< HEAD
<<<<<<< HEAD
=======
#---------------
# RunXML.out
#---------------


# Given acceptance tests 
=======
>>>>>>> b07f09d2af8d6add3d3cdf9e98d428c6d6367848
2
2
7

2
2
7

2
2
7

1
1

0

0

1
2

1
2

0

2
2
7

1
2

0

1
2

0

1
1

1
1

2
1
3

1
1

2
2
7

1
1

2
2
6

1
5

1
1

1
1

1
1

1
1

2
2
6

1
5

1
1

1
1

1
1

1
1

2
2
6

1
5

1
1

1
1

1
1

1
1

2
2
6

1
5

1
2
6

1
1

1
1

1
1

2
2
6

1
5

1
1

1
1

1
1

1
1

1
1

2
2
6

1
1

2
2
6

1
6

1
1

1
1

1
1

1
1

1
1

2
2
6

1
1

2
2
6

1
5

1
1

1
1

1
1

1
1

1
1

2
2
6

1
1

2
2
6

1
5

2
3
7

1
1

1
1

1
1

1
1

2
2
6

1
1

2
2
6

1
5
>>>>>>> 7b3324d5396e4c92f7215340cbae3d2fba6b4b9e
