<root>
	<crises>
		<crisis>
			<crisisId>CRI_001</crisisId>
			<name>Boston Marathon Bombing</name>
			<kind>Act of Terrorism</kind>
			<streetAddress></streetAddress>
			<city>Boston</city>
			<stateOrProvince></stateOrProvince>
			<postalCode></postalCode>
			<country>USA</country>
			<dateAndTime>2013-04-15T00:00:00</dateAndTime>
			<fatalities>3</fatalities>
			<injuries>264</injuries>
			<populationIll>0</populationIll>
			<populationDisplaced></populationDisplaced>
			<environmentalImpact></environmentalImpact>
			<politicalChanges></politicalChanges>
			<culturalChanges></culturalChanges>
			<jobsLost>0</jobsLost>
			<damageInUSD>333000000</damageInUSD>
			<reparationCost>0</reparationCost>
			<regulatoryChanges></regulatoryChanges>
		</crisis>
	</crises>
	<orgs>
		<org>
			<orgId>ORG_001</orgId>
			<name>United Nations</name>
			<kind>Intergovernmental Agency</kind>
			<streetAddress>First Aveue at 46th Street</streetAddress>
			<city>New York</city>
			<stateOrProvince>NY</stateOrProvince>
			<postalCode>10017</postalCode>
			<country>USA</country>
			<foundingMission>UN was made in 1945 at the end of World War II to replace the League of Nations</foundingMission>
			<dateFounded>1945-01-01</dateFounded>
			<dateAbolished>2014-01-01</dateAbolished>
			<majorEvents></majorEvents>
		</org>
	</orgs>
	<people>
		<person>
			<personId>PER_001</personId>
			<name>Barack Obama</name>
			<kind>President</kind>
			<streetAddress>NULL</streetAddress>
			<city>Washington</city>
			<stateOrProvince>D.C</stateOrProvince>
			<country>USA</country>
		</person>
	</people>
	<resources>
		<resourcePair>
			<resourceId>RES_001</resourceId>
			<resource>Monetary aid to people</resource>
		</resourcePair>
	</resources>
	<crisisResources>
		<crisisResourcePair>
			<crisisId>CRI_001</crisisId>
			<resourceId>RES_001</resourceId>
		</crisisResourcePair>
	</crisisResources>
	<waysToHelp>
		<wayToHelpPair>
			<helpId>HEL_001</helpId>
			<wayToHelp>Donate money</wayToHelp>
		</wayToHelpPair>
	</waysToHelp>
	<crisisWaysToHelp>
		<crisisWayToHelpPair>
			<crisisId>CRI_001</crisisId>
			<helpId>HEL_001</helpId>
		</crisisWayToHelpPair>
	</crisisWaysToHelp>
	<contactInfos>
		<contactInfo>
			<contactInfoId>CON_001</contactInfoId>
			<phoneNumber></phoneNumber>
			<emailAddress></emailAddress>
			<facebookUrlId>URL_001</facebookUrlId>
			<twitterUrlId>URL_001</twitterUrlId>
			<websiteUrlId>URL_001</websiteUrlId>
		</contactInfo>
	</contactInfos>
	<orgContactInfos>
		<orgContactInfoPair>
			<orgId>ORG_001</orgId>
			<contactInfoId>CON_001</contactInfoId>
		</orgContactInfoPair>
	</orgContactInfos>
	<citations>
		<citationPair>
			<citationId>CIT_001</citationId>
			<citation>Wikipedia</citation>
		</citationPair>
	</citations>
	<crisisCitations>
		<crisisCitationPair>
			<citationId>CIT_001</citationId>
			<crisisId>CRI_001</crisisId>
		</crisisCitationPair>
	</crisisCitations>
	<orgCitations>
		<orgCitationPair>
			<orgId>ORG_001</orgId>
			<citationId>CIT_001</citationId>
		</orgCitationPair>
	</orgCitations>
	<personCitations>
		<personCitationPair>
			<personId>PER_001</personId>
			<citationId>CIT_001</citationId>
		</personCitationPair>
	</personCitations>
	<urls>
		<url>
			<urlId>URL_001</urlId>
			<type>Image</type>
			<urlAddress>http://upload.wikimedia.org/wikipedia/commons/8/8d/President_Barack_Obama.jpg</urlAddress>
		</url>
	</urls>
	<crisisUrls>
		<crisisUrlPair>
			<crisisId>CRI_001</crisisId>
			<urlId>URL_001</urlId>
		</crisisUrlPair>
	</crisisUrls>
	<orgUrls>
		<orgUrlPair>
			<orgId>ORG_001</orgId>
			<urlId>URL_001</urlId>
		</orgUrlPair>
	</orgUrls>
	<personUrls>
		<personUrlPair>
			<personId>PER_001</personId>
			<urlId>URL_001</urlId>
		</personUrlPair>
	</personUrls>
	<crisisOrgs>
		<crisisOrgPair>
			<crisisId>CRI_001</crisisId>
			<orgId>ORG_001</orgId>
		</crisisOrgPair>
	</crisisOrgs>
	<crisisPeople>
		<crisisPersonPair>
			<crisisId>CRI_001</crisisId>
			<personId>PER_001</personId>
		</crisisPersonPair>
	</crisisPeople>
	<orgPeople>
		<orgPersonPair>
			<orgId>ORG_001</orgId>
			<personId>PER_001</personId>
		</orgPersonPair>
	</orgPeople>
</root>

<root>
	<crises>
		<crisis>
			<crisisId>CRI_002</crisisId>
			<name>West Plant Explosion</name>
			<kind>Human Error Disaster</kind>
			<streetAddress></streetAddress>
			<city>West</city>
			<stateOrProvince>TX</stateOrProvince>
			<postalCode></postalCode>
			<country></country>
			<dateAndTime>2013-04-17T00:00:00</dateAndTime>
			<fatalities>15</fatalities>
			<injuries>160</injuries>
			<populationIll>0</populationIll>
			<populationDisplaced></populationDisplaced>
			<environmentalImpact></environmentalImpact>
			<politicalChanges></politicalChanges>
			<culturalChanges></culturalChanges>
			<jobsLost>0</jobsLost>
			<damageInUSD>186000000</damageInUSD>
			<reparationCost>0</reparationCost>
			<regulatoryChanges></regulatoryChanges>
		</crisis>
	</crises>
	<orgs>
		<org>
			<orgId>ORG_002</orgId>
			<name>American Red Cross</name>
			<kind>Nonprofit / Humanitarian Organization</kind>
			<streetAddress>2025 E St, NW Washington</streetAddress>
			<city>Washington DC</city>
			<stateOrProvince></stateOrProvince>
			<postalCode>20006</postalCode>
			<country>USA</country>
			<foundingMission>Founded by Clara Barton on May 21, 1881 as a means to provide disaster relief</foundingMission>
			<dateFounded>1881-05-21</dateFounded>
			<dateAbolished>2014-05-13</dateAbolished>
			<majorEvents></majorEvents>
		</org>
	</orgs>
	<people>
		<person>
			<personId>PER_002</personId>
			<name>George W. Bush</name>
			<kind>President</kind>
			<streetAddress>NULL</streetAddress>
			<city>Dallas</city>
			<stateOrProvince>Texas</stateOrProvince>
			<country>USA</country>
		</person>
	</people>
	<resources>
		<resourcePair>
			<resourceId>RES_002</resourceId>
			<resource>Monetary aid to government</resource>
		</resourcePair>
	</resources>
	<crisisResources>
		<crisisResourcePair>
			<crisisId>CRI_002</crisisId>
			<resourceId>RES_002</resourceId>
		</crisisResourcePair>
	</crisisResources>
	<waysToHelp>
		<wayToHelpPair>
			<helpId>HEL_002</helpId>
			<wayToHelp>Volunteer Time</wayToHelp>
		</wayToHelpPair>
	</waysToHelp>
	<crisisWaysToHelp>
		<crisisWayToHelpPair>
			<crisisId>CRI_002</crisisId>
			<helpId>HEL_002</helpId>
		</crisisWayToHelpPair>
	</crisisWaysToHelp>
	<contactInfos>
		<contactInfo>
			<contactInfoId>CON_002</contactInfoId>
			<phoneNumber></phoneNumber>
			<emailAddress></emailAddress>
			<facebookUrlId>URL_002</facebookUrlId>
			<twitterUrlId>URL_002</twitterUrlId>
			<websiteUrlId>URL_002</websiteUrlId>
		</contactInfo>
	</contactInfos>
	<orgContactInfos>
		<orgContactInfoPair>
			<orgId>ORG_002</orgId>
			<contactInfoId>CON_002</contactInfoId>
		</orgContactInfoPair>
	</orgContactInfos>
	<citations>
		<citationPair>
			<citationId>CIT_002</citationId>
			<citation>CNN</citation>
		</citationPair>
	</citations>
	<crisisCitations>
		<crisisCitationPair>
			<citationId>CIT_002</citationId>
			<crisisId>CRI_002</crisisId>
		</crisisCitationPair>
	</crisisCitations>
	<orgCitations>
		<orgCitationPair>
			<orgId>ORG_002</orgId>
			<citationId>CIT_002</citationId>
		</orgCitationPair>
	</orgCitations>
	<personCitations>
		<personCitationPair>
			<personId>PER_002</personId>
			<citationId>CIT_002</citationId>
		</personCitationPair>
	</personCitations>
	<urls>
		<url>
			<urlId>URL_002</urlId>
			<type>Image</type>
			<urlAddress>http://upload.wikimedia.org/wikipedia/commons/d/d4/George-W-Bush.jpeg</urlAddress>
		</url>
	</urls>
	<crisisUrls>
		<crisisUrlPair>
			<crisisId>CRI_002</crisisId>
			<urlId>URL_002</urlId>
		</crisisUrlPair>
	</crisisUrls>
	<orgUrls>
		<orgUrlPair>
			<orgId>ORG_002</orgId>
			<urlId>URL_002</urlId>
		</orgUrlPair>
	</orgUrls>
	<personUrls>
		<personUrlPair>
			<personId>PER_002</personId>
			<urlId>URL_002</urlId>
		</personUrlPair>
	</personUrls>
	<crisisOrgs>
		<crisisOrgPair>
			<crisisId>CRI_002</crisisId>
			<orgId>ORG_002</orgId>
		</crisisOrgPair>
	</crisisOrgs>
	<crisisPeople>
		<crisisPersonPair>
			<crisisId>CRI_002</crisisId>
			<personId>PER_002</personId>
		</crisisPersonPair>
	</crisisPeople>
	<orgPeople>
		<orgPersonPair>
			<orgId>ORG_002</orgId>
			<personId>PER_002</personId>
		</orgPersonPair>
	</orgPeople>
</root>

<root>
	<crises>
		<crisis>
			<crisisId>CRI_003</crisisId>
			<name>2008 Financial Crises</name>
			<kind>Human Error Disaster</kind>
			<streetAddress></streetAddress>
			<city></city>
			<stateOrProvince></stateOrProvince>
			<postalCode></postalCode>
			<country>USA</country>
			<dateAndTime>2008-09-01T00:00:00</dateAndTime>
			<fatalities>0</fatalities>
			<injuries>0</injuries>
			<populationIll>0</populationIll>
			<populationDisplaced></populationDisplaced>
			<environmentalImpact></environmentalImpact>
			<politicalChanges></politicalChanges>
			<culturalChanges></culturalChanges>
			<jobsLost>5500000</jobsLost>
			<damageInUSD>648000000000</damageInUSD>
			<reparationCost>0</reparationCost>
			<regulatoryChanges></regulatoryChanges>
		</crisis>
	</crises>
	<orgs>
		<org>
			<orgId>ORG_003</orgId>
			<name>US Coast Guard</name>
			<kind>Military Force</kind>
			<streetAddress>2100 Second ST, SW Washington</streetAddress>
			<city>Washington DC</city>
			<stateOrProvince></stateOrProvince>
			<postalCode></postalCode>
			<country>USA</country>
			<foundingMission>Founded in 1790 as the Revenue Marine</foundingMission>
			<dateFounded>1790-01-01</dateFounded>
			<dateAbolished>2014-01-01</dateAbolished>
			<majorEvents></majorEvents>
		</org>
	</orgs>
	<people>
		<person>
			<personId>PER_003</personId>
			<name>Ben S. Bernanke</name>
			<kind>Politician</kind>
			<streetAddress>NULL</streetAddress>
			<city>Augusta</city>
			<stateOrProvince>Georgia</stateOrProvince>
			<country>USA</country>
		</person>
	</people>
	<resources>
		<resourcePair>
			<resourceId>RES_003</resourceId>
			<resource>Social Justice</resource>
		</resourcePair>
	</resources>
	<crisisResources>
		<crisisResourcePair>
			<crisisId>CRI_003</crisisId>
			<resourceId>RES_003</resourceId>
		</crisisResourcePair>
	</crisisResources>
	<waysToHelp>
		<wayToHelpPair>
			<helpId>HEL_003</helpId>
			<wayToHelp>Healthcare</wayToHelp>
		</wayToHelpPair>
	</waysToHelp>
	<crisisWaysToHelp>
		<crisisWayToHelpPair>
			<crisisId>CRI_003</crisisId>
			<helpId>HEL_003</helpId>
		</crisisWayToHelpPair>
	</crisisWaysToHelp>
	<contactInfos>
		<contactInfo>
			<contactInfoId>CON_003</contactInfoId>
			<phoneNumber></phoneNumber>
			<emailAddress></emailAddress>
			<facebookUrlId>URL_003</facebookUrlId>
			<twitterUrlId>URL_003</twitterUrlId>
			<websiteUrlId>URL_003</websiteUrlId>
		</contactInfo>
	</contactInfos>
	<orgContactInfos>
		<orgContactInfoPair>
			<orgId>ORG_003</orgId>
			<contactInfoId>CON_003</contactInfoId>
		</orgContactInfoPair>
	</orgContactInfos>
	<citations>
		<citationPair>
			<citationId>CIT_003</citationId>
			<citation>BBC</citation>
		</citationPair>
	</citations>
	<crisisCitations>
		<crisisCitationPair>
			<citationId>CIT_003</citationId>
			<crisisId>CRI_003</crisisId>
		</crisisCitationPair>
	</crisisCitations>
	<orgCitations>
		<orgCitationPair>
			<orgId>ORG_003</orgId>
			<citationId>CIT_003</citationId>
		</orgCitationPair>
	</orgCitations>
	<personCitations>
		<personCitationPair>
			<personId>PER_003</personId>
			<citationId>CIT_003</citationId>
		</personCitationPair>
	</personCitations>
	<urls>
		<url>
			<urlId>URL_003</urlId>
			<type>SocialNetwork</type>
			<urlAddress>https://twitter.com/BarackObama</urlAddress>
		</url>
	</urls>
	<crisisUrls>
		<crisisUrlPair>
			<crisisId>CRI_003</crisisId>
			<urlId>URL_003</urlId>
		</crisisUrlPair>
	</crisisUrls>
	<orgUrls>
		<orgUrlPair>
			<orgId>ORG_003</orgId>
			<urlId>URL_003</urlId>
		</orgUrlPair>
	</orgUrls>
	<personUrls>
		<personUrlPair>
			<personId>PER_003</personId>
			<urlId>URL_003</urlId>
		</personUrlPair>
	</personUrls>
	<crisisOrgs>
		<crisisOrgPair>
			<crisisId>CRI_003</crisisId>
			<orgId>ORG_003</orgId>
		</crisisOrgPair>
	</crisisOrgs>
	<crisisPeople>
		<crisisPersonPair>
			<crisisId>CRI_003</crisisId>
			<personId>PER_003</personId>
		</crisisPersonPair>
	</crisisPeople>
	<orgPeople>
		<orgPersonPair>
			<orgId>ORG_003</orgId>
			<personId>PER_003</personId>
		</orgPersonPair>
	</orgPeople>
</root>

<root>
	<crises>
		<crisis>
			<crisisId>CRI_004</crisisId>
			<name>Darfur Genocides</name>
			<kind>War / Conflict</kind>
			<streetAddress></streetAddress>
			<city></city>
			<stateOrProvince></stateOrProvince>
			<postalCode></postalCode>
			<country>Darfur</country>
			<dateAndTime>2003-02-01T00:00:00</dateAndTime>
			<fatalities>461520</fatalities>
			<injuries>0</injuries>
			<populationIll>0</populationIll>
			<populationDisplaced></populationDisplaced>
			<environmentalImpact></environmentalImpact>
			<politicalChanges></politicalChanges>
			<culturalChanges></culturalChanges>
			<jobsLost>0</jobsLost>
			<damageInUSD>760000000</damageInUSD>
			<reparationCost>0</reparationCost>
			<regulatoryChanges></regulatoryChanges>
		</crisis>
	</crises>
	<orgs>
		<org>
			<orgId>ORG_004</orgId>
			<name>Federal Reserve</name>
			<kind>Government Agency</kind>
			<streetAddress>20551 Constitution Ave NW Washington</streetAddress>
			<city>Washington DC</city>
			<stateOrProvince>USA</stateOrProvince>
			<postalCode></postalCode>
			<country></country>
			<foundingMission>Created December 23, 1913 with the Federal Reserve Act</foundingMission>
			<dateFounded>1913-12-23</dateFounded>
			<dateAbolished>2015-02-23</dateAbolished>
			<majorEvents></majorEvents>
		</org>
	</orgs>
	<people>
		<person>
			<personId>PER_004</personId>
			<name>Richard S. Fuld</name>
			<kind>CEO</kind>
			<streetAddress>NULL</streetAddress>
			<city>New York</city>
			<stateOrProvince>NY</stateOrProvince>
			<country>USA</country>
		</person>
	</people>
	<resources>
		<resourcePair>
			<resourceId>RES_004</resourceId>
			<resource>Healthcare</resource>
		</resourcePair>
	</resources>
	<crisisResources>
		<crisisResourcePair>
			<crisisId>CRI_004</crisisId>
			<resourceId>RES_004</resourceId>
		</crisisResourcePair>
	</crisisResources>
	<waysToHelp>
		<wayToHelpPair>
			<helpId>HEL_004</helpId>
			<wayToHelp>Provide for Refugees</wayToHelp>
		</wayToHelpPair>
	</waysToHelp>
	<crisisWaysToHelp>
		<crisisWayToHelpPair>
			<crisisId>CRI_004</crisisId>
			<helpId>HEL_004</helpId>
		</crisisWayToHelpPair>
	</crisisWaysToHelp>
	<contactInfos>
		<contactInfo>
			<contactInfoId>CON_004</contactInfoId>
			<phoneNumber></phoneNumber>
			<emailAddress></emailAddress>
			<facebookUrlId>URL_004</facebookUrlId>
			<twitterUrlId>URL_004</twitterUrlId>
			<websiteUrlId>URL_004</websiteUrlId>
		</contactInfo>
	</contactInfos>
	<orgContactInfos>
		<orgContactInfoPair>
			<orgId>ORG_004</orgId>
			<contactInfoId>CON_004</contactInfoId>
		</orgContactInfoPair>
	</orgContactInfos>
	<citations>
		<citationPair>
			<citationId>CIT_004</citationId>
			<citation>Facebook</citation>
		</citationPair>
	</citations>
	<crisisCitations>
		<crisisCitationPair>
			<citationId>CIT_004</citationId>
			<crisisId>CRI_004</crisisId>
		</crisisCitationPair>
	</crisisCitations>
	<orgCitations>
		<orgCitationPair>
			<orgId>ORG_004</orgId>
			<citationId>CIT_004</citationId>
		</orgCitationPair>
	</orgCitations>
	<personCitations>
		<personCitationPair>
			<personId>PER_004</personId>
			<citationId>CIT_004</citationId>
		</personCitationPair>
	</personCitations>
	<urls>
		<url>
			<urlId>URL_004</urlId>
			<type>Map</type>
			<urlAddress>http://upload.wikimedia.org/wikipedia/commons/7/78/Washington%2C_D.C._locator_map.svg</urlAddress>
		</url>
	</urls>
	<crisisUrls>
		<crisisUrlPair>
			<crisisId>CRI_004</crisisId>
			<urlId>URL_004</urlId>
		</crisisUrlPair>
	</crisisUrls>
	<orgUrls>
		<orgUrlPair>
			<orgId>ORG_004</orgId>
			<urlId>URL_004</urlId>
		</orgUrlPair>
	</orgUrls>
	<personUrls>
		<personUrlPair>
			<personId>PER_004</personId>
			<urlId>URL_004</urlId>
		</personUrlPair>
	</personUrls>
	<crisisOrgs>
		<crisisOrgPair>
			<crisisId>CRI_004</crisisId>
			<orgId>ORG_004</orgId>
		</crisisOrgPair>
	</crisisOrgs>
	<crisisPeople>
		<crisisPersonPair>
			<crisisId>CRI_004</crisisId>
			<personId>PER_004</personId>
		</crisisPersonPair>
	</crisisPeople>
	<orgPeople>
		<orgPersonPair>
			<orgId>ORG_004</orgId>
			<personId>PER_004</personId>
		</orgPersonPair>
	</orgPeople>
</root>

<root>
	<crises>
		<crisis>
			<crisisId>CRI_005</crisisId>
			<name>Tropical Storm Allison</name>
			<kind>Natural Disaster</kind>
			<streetAddress></streetAddress>
			<city></city>
			<stateOrProvince></stateOrProvince>
			<postalCode></postalCode>
			<country>USA</country>
			<dateAndTime>2001-06-04T00:00:00</dateAndTime>
			<fatalities>41</fatalities>
			<injuries>0</injuries>
			<populationIll>0</populationIll>
			<populationDisplaced>30000</populationDisplaced>
			<environmentalImpact></environmentalImpact>
			<politicalChanges></politicalChanges>
			<culturalChanges></culturalChanges>
			<jobsLost>0</jobsLost>
			<damageInUSD>5500000000</damageInUSD>
			<reparationCost>0</reparationCost>
			<regulatoryChanges></regulatoryChanges>
		</crisis>
	</crises>
	<orgs>
		<org>
			<orgId>ORG_005</orgId>
			<name>Lehman Brothers</name>
			<kind>Government Agency</kind>
			<streetAddress></streetAddress>
			<city>New York City</city>
			<stateOrProvince>NY</stateOrProvince>
			<postalCode></postalCode>
			<country></country>
			<foundingMission>Founded in Montogomery, Alabama in 1850 as a general store by German immigrants</foundingMission>
			<dateFounded>1850-01-01</dateFounded>
			<dateAbolished>2014-01-01</dateAbolished>
			<majorEvents></majorEvents>
		</org>
	</orgs>
	<people>
		<person>
			<personId>PER_005</personId>
			<name>Tamerlan Tsarnaev</name>
			<kind>Perpetrator</kind>
			<streetAddress>NULL</streetAddress>
			<city>Boston</city>
			<stateOrProvince>Massachusetts</stateOrProvince>
			<country>USA</country>
		</person>
	</people>
	<resources>
		<resourcePair>
			<resourceId>RES_005</resourceId>
			<resource>Education</resource>
		</resourcePair>
	</resources>
	<crisisResources>
		<crisisResourcePair>
			<crisisId>CRI_005</crisisId>
			<resourceId>RES_005</resourceId>
		</crisisResourcePair>
	</crisisResources>
	<waysToHelp>
		<wayToHelpPair>
			<helpId>HEL_005</helpId>
			<wayToHelp>Receive Vaccines</wayToHelp>
		</wayToHelpPair>
	</waysToHelp>
	<crisisWaysToHelp>
		<crisisWayToHelpPair>
			<crisisId>CRI_005</crisisId>
			<helpId>HEL_005</helpId>
		</crisisWayToHelpPair>
	</crisisWaysToHelp>
	<contactInfos>
		<contactInfo>
			<contactInfoId>CON_005</contactInfoId>
			<phoneNumber></phoneNumber>
			<emailAddress></emailAddress>
			<facebookUrlId>URL_005</facebookUrlId>
			<twitterUrlId>URL_005</twitterUrlId>
			<websiteUrlId>URL_005</websiteUrlId>
		</contactInfo>
	</contactInfos>
	<orgContactInfos>
		<orgContactInfoPair>
			<orgId>ORG_005</orgId>
			<contactInfoId>CON_005</contactInfoId>
		</orgContactInfoPair>
	</orgContactInfos>
	<citations>
		<citationPair>
			<citationId>CIT_005</citationId>
			<citation>Twitter</citation>
		</citationPair>
	</citations>
	<crisisCitations>
		<crisisCitationPair>
			<citationId>CIT_005</citationId>
			<crisisId>CRI_005</crisisId>
		</crisisCitationPair>
	</crisisCitations>
	<orgCitations>
		<orgCitationPair>
			<orgId>ORG_005</orgId>
			<citationId>CIT_005</citationId>
		</orgCitationPair>
	</orgCitations>
	<personCitations>
		<personCitationPair>
			<personId>PER_005</personId>
			<citationId>CIT_005</citationId>
		</personCitationPair>
	</personCitations>
	<urls>
		<url>
			<urlId>URL_005</urlId>
			<type>Image</type>
			<urlAddress>http://upload.wikimedia.org/wikipedia/commons/d/d4/George-W-Bush.jpeg</urlAddress>
		</url>
	</urls>
	<crisisUrls>
		<crisisUrlPair>
			<crisisId>CRI_005</crisisId>
			<urlId>URL_005</urlId>
		</crisisUrlPair>
	</crisisUrls>
	<orgUrls>
		<orgUrlPair>
			<orgId>ORG_005</orgId>
			<urlId>URL_005</urlId>
		</orgUrlPair>
	</orgUrls>
	<personUrls>
		<personUrlPair>
			<personId>PER_005</personId>
			<urlId>URL_005</urlId>
		</personUrlPair>
	</personUrls>
	<crisisOrgs>
		<crisisOrgPair>
			<crisisId>CRI_005</crisisId>
			<orgId>ORG_005</orgId>
		</crisisOrgPair>
	</crisisOrgs>
	<crisisPeople>
		<crisisPersonPair>
			<crisisId>CRI_005</crisisId>
			<personId>PER_005</personId>
		</crisisPersonPair>
	</crisisPeople>
	<orgPeople>
		<orgPersonPair>
			<orgId>ORG_005</orgId>
			<personId>PER_005</personId>
		</orgPersonPair>
	</orgPeople>
</root>

<root>
	<crises>
		<crisis>
			<crisisId>CRI_006</crisisId>
			<name>Hurricane Ike</name>
			<kind>Natural Disaster</kind>
			<streetAddress></streetAddress>
			<city></city>
			<stateOrProvince></stateOrProvince>
			<postalCode></postalCode>
			<country>USA</country>
			<dateAndTime>2008-08-01T00:00:00</dateAndTime>
			<fatalities>195</fatalities>
			<injuries>23</injuries>
			<populationIll>0</populationIll>
			<populationDisplaced></populationDisplaced>
			<environmentalImpact>Pollution from Oil and gas spills</environmentalImpact>
			<politicalChanges></politicalChanges>
			<culturalChanges></culturalChanges>
			<jobsLost>0</jobsLost>
			<damageInUSD>22000000000</damageInUSD>
			<reparationCost>0</reparationCost>
			<regulatoryChanges></regulatoryChanges>
		</crisis>
	</crises>
	<orgs>
		<org>
			<orgId>ORG_006</orgId>
			<name>Haitian Government</name>
			<kind>Government Agency</kind>
			<streetAddress></streetAddress>
			<city>Port-au-Prince</city>
			<stateOrProvince>Haiti</stateOrProvince>
			<postalCode></postalCode>
			<country></country>
			<foundingMission>The government transitioned away from a military government starting in 1987; however it met with opposition. In 1994, Bill Clinton steepped in and had Jimmy Carter lead a negotiating team to help</foundingMission>
			<dateFounded>1987-01-01</dateFounded>
			<dateAbolished>2013-01-01</dateAbolished>
			<majorEvents></majorEvents>
		</org>
	</orgs>
	<people>
		<person>
			<personId>PER_006</personId>
			<name>Dzhokhar Tsarnaev</name>
			<kind>Perpetrator</kind>
			<streetAddress>NULL</streetAddress>
			<city>Boston</city>
			<stateOrProvince>Massachusetts</stateOrProvince>
			<country>USA</country>
		</person>
	</people>
	<resources>
		<resourcePair>
			<resourceId>RES_006</resourceId>
			<resource>Military/Police</resource>
		</resourcePair>
	</resources>
	<crisisResources>
		<crisisResourcePair>
			<crisisId>CRI_006</crisisId>
			<resourceId>RES_006</resourceId>
		</crisisResourcePair>
	</crisisResources>
	<waysToHelp>
		<wayToHelpPair>
			<helpId>HEL_006</helpId>
			<wayToHelp>Healing Conversations</wayToHelp>
		</wayToHelpPair>
	</waysToHelp>
	<crisisWaysToHelp>
		<crisisWayToHelpPair>
			<crisisId>CRI_006</crisisId>
			<helpId>HEL_006</helpId>
		</crisisWayToHelpPair>
	</crisisWaysToHelp>
	<contactInfos>
		<contactInfo>
			<contactInfoId>CON_006</contactInfoId>
			<phoneNumber></phoneNumber>
			<emailAddress></emailAddress>
			<facebookUrlId>URL_006</facebookUrlId>
			<twitterUrlId>URL_006</twitterUrlId>
			<websiteUrlId>URL_006</websiteUrlId>
		</contactInfo>
	</contactInfos>
	<orgContactInfos>
		<orgContactInfoPair>
			<orgId>ORG_006</orgId>
			<contactInfoId>CON_006</contactInfoId>
		</orgContactInfoPair>
	</orgContactInfos>
	<citations>
		<citationPair>
			<citationId>CIT_006</citationId>
			<citation>Twitter</citation>
		</citationPair>
	</citations>
	<crisisCitations>
		<crisisCitationPair>
			<citationId>CIT_006</citationId>
			<crisisId>CRI_006</crisisId>
		</crisisCitationPair>
	</crisisCitations>
	<orgCitations>
		<orgCitationPair>
			<orgId>ORG_006</orgId>
			<citationId>CIT_006</citationId>
		</orgCitationPair>
	</orgCitations>
	<personCitations>
		<personCitationPair>
			<personId>PER_006</personId>
			<citationId>CIT_006</citationId>
		</personCitationPair>
	</personCitations>
	<urls>
		<url>
			<urlId>URL_006</urlId>
			<type>Video</type>
			<urlAddress>http://www.youtube.com/watch?v=4RbAZj9RB94</urlAddress>
		</url>
	</urls>
	<crisisUrls>
		<crisisUrlPair>
			<crisisId>CRI_006</crisisId>
			<urlId>URL_006</urlId>
		</crisisUrlPair>
	</crisisUrls>
	<orgUrls>
		<orgUrlPair>
			<orgId>ORG_006</orgId>
			<urlId>URL_006</urlId>
		</orgUrlPair>
	</orgUrls>
	<personUrls>
		<personUrlPair>
			<personId>PER_006</personId>
			<urlId>URL_006</urlId>
		</personUrlPair>
	</personUrls>
	<crisisOrgs>
		<crisisOrgPair>
			<crisisId>CRI_006</crisisId>
			<orgId>ORG_006</orgId>
		</crisisOrgPair>
	</crisisOrgs>
	<crisisPeople>
		<crisisPersonPair>
			<crisisId>CRI_006</crisisId>
			<personId>PER_006</personId>
		</crisisPersonPair>
	</crisisPeople>
	<orgPeople>
		<orgPersonPair>
			<orgId>ORG_006</orgId>
			<personId>PER_006</personId>
		</orgPersonPair>
	</orgPeople>
</root>

<root>
	<crises>
		<crisis>
			<crisisId>CRI_007</crisisId>
			<name>Arctic Vortex</name>
			<kind>Natural Disaster</kind>
			<streetAddress></streetAddress>
			<city></city>
			<stateOrProvince></stateOrProvince>
			<postalCode></postalCode>
			<country>USA</country>
			<dateAndTime>2014-01-01T00:00:00</dateAndTime>
			<fatalities>12</fatalities>
			<injuries>0</injuries>
			<populationIll>0</populationIll>
			<populationDisplaced></populationDisplaced>
			<environmentalImpact></environmentalImpact>
			<politicalChanges></politicalChanges>
			<culturalChanges>Flights grounded and power outages</culturalChanges>
			<jobsLost>0</jobsLost>
			<damageInUSD>5000000000</damageInUSD>
			<reparationCost>0</reparationCost>
			<regulatoryChanges></regulatoryChanges>
		</crisis>
	</crises>
	<orgs>
		<org>
			<orgId>ORG_007</orgId>
			<name>Liberation and Justice Movement</name>
			<kind>Government Agency</kind>
			<streetAddress></streetAddress>
			<city>Darfur</city>
			<stateOrProvince>Sudan</stateOrProvince>
			<postalCode></postalCode>
			<country></country>
			<foundingMission>Founded on February 23, 2010 by several Darfur Sudanese Rebel groups</foundingMission>
			<dateFounded>2010-02-23</dateFounded>
			<dateAbolished>0000-00-00</dateAbolished>
			<majorEvents></majorEvents>
		</org>
	</orgs>
	<people>
		<person>
			<personId>PER_007</personId>
			<name>Omar al-Bashir</name>
			<kind>President</kind>
			<streetAddress>NULL</streetAddress>
			<city>Khartoum</city>
			<stateOrProvince>Khartoum State</stateOrProvince>
			<country>Sudan</country>
		</person>
	</people>
	<resources>
		<resourcePair>
			<resourceId>RES_007</resourceId>
			<resource>Construction Materials</resource>
		</resourcePair>
	</resources>
	<crisisResources>
		<crisisResourcePair>
			<crisisId>CRI_007</crisisId>
			<resourceId>RES_007</resourceId>
		</crisisResourcePair>
	</crisisResources>
	<waysToHelp>
		<wayToHelpPair>
			<helpId>HEL_007</helpId>
			<wayToHelp>Donate Money</wayToHelp>
		</wayToHelpPair>
	</waysToHelp>
	<crisisWaysToHelp>
		<crisisWayToHelpPair>
			<crisisId>CRI_007</crisisId>
			<helpId>HEL_007</helpId>
		</crisisWayToHelpPair>
	</crisisWaysToHelp>
	<contactInfos>
		<contactInfo>
			<contactInfoId>CON_007</contactInfoId>
			<phoneNumber></phoneNumber>
			<emailAddress></emailAddress>
			<facebookUrlId>URL_007</facebookUrlId>
			<twitterUrlId>URL_007</twitterUrlId>
			<websiteUrlId>URL_007</websiteUrlId>
		</contactInfo>
	</contactInfos>
	<orgContactInfos>
		<orgContactInfoPair>
			<orgId>ORG_007</orgId>
			<contactInfoId>CON_007</contactInfoId>
		</orgContactInfoPair>
	</orgContactInfos>
	<citations>
		<citationPair>
			<citationId>CIT_007</citationId>
			<citation>YouTube</citation>
		</citationPair>
	</citations>
	<crisisCitations>
		<crisisCitationPair>
			<citationId>CIT_007</citationId>
			<crisisId>CRI_007</crisisId>
		</crisisCitationPair>
	</crisisCitations>
	<orgCitations>
		<orgCitationPair>
			<orgId>ORG_007</orgId>
			<citationId>CIT_007</citationId>
		</orgCitationPair>
	</orgCitations>
	<personCitations>
		<personCitationPair>
			<personId>PER_007</personId>
			<citationId>CIT_007</citationId>
		</personCitationPair>
	</personCitations>
	<urls>
		<url>
			<urlId>URL_007</urlId>
			<type>Map</type>
			<urlAddress>http://upload.wikimedia.org/wikipedia/commons/1/1f/Dallas_County_Texas_Incorporated_Areas_Dallas_highlighted.svg</urlAddress>
		</url>
	</urls>
	<crisisUrls>
		<crisisUrlPair>
			<crisisId>CRI_007</crisisId>
			<urlId>URL_007</urlId>
		</crisisUrlPair>
	</crisisUrls>
	<orgUrls>
		<orgUrlPair>
			<orgId>ORG_007</orgId>
			<urlId>URL_007</urlId>
		</orgUrlPair>
	</orgUrls>
	<personUrls>
		<personUrlPair>
			<personId>PER_007</personId>
			<urlId>URL_007</urlId>
		</personUrlPair>
	</personUrls>
	<crisisOrgs>
		<crisisOrgPair>
			<crisisId>CRI_007</crisisId>
			<orgId>ORG_007</orgId>
		</crisisOrgPair>
	</crisisOrgs>
	<crisisPeople>
		<crisisPersonPair>
			<crisisId>CRI_007</crisisId>
			<personId>PER_007</personId>
		</crisisPersonPair>
	</crisisPeople>
	<orgPeople>
		<orgPersonPair>
			<orgId>ORG_007</orgId>
			<personId>PER_007</personId>
		</orgPersonPair>
	</orgPeople>
</root>

<root>
	<crises>
		<crisis>
			<crisisId>CRI_008</crisisId>
			<name>Benghazi Attack</name>
			<kind>Act of Terrorism</kind>
			<streetAddress></streetAddress>
			<city>Benghazi</city>
			<stateOrProvince></stateOrProvince>
			<postalCode></postalCode>
			<country>Libya</country>
			<dateAndTime>2012-09-11T00:00:00</dateAndTime>
			<fatalities>4</fatalities>
			<injuries>11</injuries>
			<populationIll>0</populationIll>
			<populationDisplaced>0</populationDisplaced>
			<environmentalImpact></environmentalImpact>
			<politicalChanges></politicalChanges>
			<culturalChanges></culturalChanges>
			<jobsLost>0</jobsLost>
			<damageInUSD>0</damageInUSD>
			<reparationCost>0</reparationCost>
			<regulatoryChanges></regulatoryChanges>
		</crisis>
	</crises>
	<orgs>
		<org>
			<orgId>ORG_008</orgId>
			<name>UNICEF</name>
			<kind>Nonprofit / Humanitarian Organization</kind>
			<streetAddress>3 United Nations Plaza</streetAddress>
			<city>New York City</city>
			<stateOrProvince>NY</stateOrProvince>
			<postalCode>10017</postalCode>
			<country></country>
			<foundingMission>Created in 1946 by the United Nations to help proved children with food, clothing and care in Europe</foundingMission>
			<dateFounded>1946-01-01</dateFounded>
			<dateAbolished>0000-00-00</dateAbolished>
			<majorEvents></majorEvents>
		</org>
	</orgs>
	<people>
		<person>
			<personId>PER_008</personId>
			<name>Tijani Sese</name>
			<kind>Politician</kind>
			<streetAddress>NULL</streetAddress>
			<city>Khartoum</city>
			<stateOrProvince>Khartoum State</stateOrProvince>
			<country>Sudan</country>
		</person>
	</people>
	<resources>
		<resourcePair>
			<resourceId>RES_008</resourceId>
			<resource>Monetary aid to people</resource>
		</resourcePair>
	</resources>
	<crisisResources>
		<crisisResourcePair>
			<crisisId>CRI_008</crisisId>
			<resourceId>RES_008</resourceId>
		</crisisResourcePair>
	</crisisResources>
	<waysToHelp>
		<wayToHelpPair>
			<helpId>HEL_008</helpId>
			<wayToHelp>Donate Money</wayToHelp>
		</wayToHelpPair>
	</waysToHelp>
	<crisisWaysToHelp>
		<crisisWayToHelpPair>
			<crisisId>CRI_008</crisisId>
			<helpId>HEL_008</helpId>
		</crisisWayToHelpPair>
	</crisisWaysToHelp>
	<contactInfos>
		<contactInfo>
			<contactInfoId>CON_008</contactInfoId>
			<phoneNumber></phoneNumber>
			<emailAddress></emailAddress>
			<facebookUrlId>URL_008</facebookUrlId>
			<twitterUrlId>URL_008</twitterUrlId>
			<websiteUrlId>URL_008</websiteUrlId>
		</contactInfo>
	</contactInfos>
	<orgContactInfos>
		<orgContactInfoPair>
			<orgId>ORG_008</orgId>
			<contactInfoId>CON_008</contactInfoId>
		</orgContactInfoPair>
	</orgContactInfos>
	<citations>
		<citationPair>
			<citationId>CIT_008</citationId>
			<citation>Google Images</citation>
		</citationPair>
	</citations>
	<crisisCitations>
		<crisisCitationPair>
			<citationId>CIT_008</citationId>
			<crisisId>CRI_008</crisisId>
		</crisisCitationPair>
	</crisisCitations>
	<orgCitations>
		<orgCitationPair>
			<orgId>ORG_008</orgId>
			<citationId>CIT_008</citationId>
		</orgCitationPair>
	</orgCitations>
	<personCitations>
		<personCitationPair>
			<personId>PER_008</personId>
			<citationId>CIT_008</citationId>
		</personCitationPair>
	</personCitations>
	<urls>
		<url>
			<urlId>URL_008</urlId>
			<type>SocialNetwork</type>
			<urlAddress>https://www.facebook.com/georgewbush</urlAddress>
		</url>
	</urls>
	<crisisUrls>
		<crisisUrlPair>
			<crisisId>CRI_008</crisisId>
			<urlId>URL_008</urlId>
		</crisisUrlPair>
	</crisisUrls>
	<orgUrls>
		<orgUrlPair>
			<orgId>ORG_008</orgId>
			<urlId>URL_008</urlId>
		</orgUrlPair>
	</orgUrls>
	<personUrls>
		<personUrlPair>
			<personId>PER_008</personId>
			<urlId>URL_008</urlId>
		</personUrlPair>
	</personUrls>
	<crisisOrgs>
		<crisisOrgPair>
			<crisisId>CRI_008</crisisId>
			<orgId>ORG_008</orgId>
		</crisisOrgPair>
	</crisisOrgs>
	<crisisPeople>
		<crisisPersonPair>
			<crisisId>CRI_008</crisisId>
			<personId>PER_008</personId>
		</crisisPersonPair>
	</crisisPeople>
	<orgPeople>
		<orgPersonPair>
			<orgId>ORG_008</orgId>
			<personId>PER_008</personId>
		</orgPersonPair>
	</orgPeople>
</root>

<root>
	<crises>
		<crisis>
			<crisisId>CRI_009</crisisId>
			<name>Haiti Earthquake</name>
			<kind>Natural Disaster</kind>
			<streetAddress></streetAddress>
			<city></city>
			<stateOrProvince></stateOrProvince>
			<postalCode></postalCode>
			<country>Haiti</country>
			<dateAndTime>2010-01-12T00:00:00</dateAndTime>
			<fatalities>316000</fatalities>
			<injuries>300000</injuries>
			<populationIll>0</populationIll>
			<populationDisplaced>1500000</populationDisplaced>
			<environmentalImpact>Debris</environmentalImpact>
			<politicalChanges></politicalChanges>
			<culturalChanges></culturalChanges>
			<jobsLost>0</jobsLost>
			<damageInUSD>14000000000</damageInUSD>
			<reparationCost>0</reparationCost>
			<regulatoryChanges></regulatoryChanges>
		</crisis>
	</crises>
	<orgs>
		<org>
			<orgId>ORG_009</orgId>
			<name>Homeland Security</name>
			<kind>Government Agency</kind>
			<streetAddress>Nebraska Avenue Complex</streetAddress>
			<city>Washington DC</city>
			<stateOrProvince></stateOrProvince>
			<postalCode></postalCode>
			<country>US</country>
			<foundingMission>After the September 11 attacks the department of homeland security was created to safegaurd against terrorism within the US and respond to future attacks</foundingMission>
			<dateFounded>2001-09-11</dateFounded>
			<dateAbolished>0000-00-00</dateAbolished>
			<majorEvents></majorEvents>
		</org>
	</orgs>
	<people>
		<person>
			<personId>PER_009</personId>
			<name>Jean-Max Bellerive</name>
			<kind>Politician</kind>
			<streetAddress>NULL</streetAddress>
			<city>Port-au-Prince</city>
			<stateOrProvince>Port-au-Prince</stateOrProvince>
			<country>Haiti</country>
		</person>
	</people>
	<resources>
		<resourcePair>
			<resourceId>RES_009</resourceId>
			<resource>Education</resource>
		</resourcePair>
	</resources>
	<crisisResources>
		<crisisResourcePair>
			<crisisId>CRI_009</crisisId>
			<resourceId>RES_009</resourceId>
		</crisisResourcePair>
	</crisisResources>
	<waysToHelp>
		<wayToHelpPair>
			<helpId>HEL_009</helpId>
			<wayToHelp>Volunteer Time</wayToHelp>
		</wayToHelpPair>
	</waysToHelp>
	<crisisWaysToHelp>
		<crisisWayToHelpPair>
			<crisisId>CRI_009</crisisId>
			<helpId>HEL_009</helpId>
		</crisisWayToHelpPair>
	</crisisWaysToHelp>
	<contactInfos>
		<contactInfo>
			<contactInfoId>CON_009</contactInfoId>
			<phoneNumber></phoneNumber>
			<emailAddress></emailAddress>
			<facebookUrlId>URL_009</facebookUrlId>
			<twitterUrlId>URL_009</twitterUrlId>
			<websiteUrlId>URL_009</websiteUrlId>
		</contactInfo>
	</contactInfos>
	<orgContactInfos>
		<orgContactInfoPair>
			<orgId>ORG_009</orgId>
			<contactInfoId>CON_009</contactInfoId>
		</orgContactInfoPair>
	</orgContactInfos>
	<citations>
		<citationPair>
			<citationId>CIT_009</citationId>
			<citation>Google</citation>
		</citationPair>
	</citations>
	<crisisCitations>
		<crisisCitationPair>
			<citationId>CIT_009</citationId>
			<crisisId>CRI_009</crisisId>
		</crisisCitationPair>
	</crisisCitations>
	<orgCitations>
		<orgCitationPair>
			<orgId>ORG_009</orgId>
			<citationId>CIT_009</citationId>
		</orgCitationPair>
	</orgCitations>
	<personCitations>
		<personCitationPair>
			<personId>PER_009</personId>
			<citationId>CIT_009</citationId>
		</personCitationPair>
	</personCitations>
	<urls>
		<url>
			<urlId>URL_009</urlId>
			<type>ExternalLink</type>
			<urlAddress>http://en.wikipedia.org/wiki/George_W._Bush</urlAddress>
		</url>
	</urls>
	<crisisUrls>
		<crisisUrlPair>
			<crisisId>CRI_009</crisisId>
			<urlId>URL_009</urlId>
		</crisisUrlPair>
	</crisisUrls>
	<orgUrls>
		<orgUrlPair>
			<orgId>ORG_009</orgId>
			<urlId>URL_009</urlId>
		</orgUrlPair>
	</orgUrls>
	<personUrls>
		<personUrlPair>
			<personId>PER_009</personId>
			<urlId>URL_009</urlId>
		</personUrlPair>
	</personUrls>
	<crisisOrgs>
		<crisisOrgPair>
			<crisisId>CRI_009</crisisId>
			<orgId>ORG_009</orgId>
		</crisisOrgPair>
	</crisisOrgs>
	<crisisPeople>
		<crisisPersonPair>
			<crisisId>CRI_009</crisisId>
			<personId>PER_009</personId>
		</crisisPersonPair>
	</crisisPeople>
	<orgPeople>
		<orgPersonPair>
			<orgId>ORG_009</orgId>
			<personId>PER_009</personId>
		</orgPersonPair>
	</orgPeople>
</root>

<root>
	<crises>
		<crisis>
			<crisisId>CRI_010</crisisId>
			<name>Eruptions of Island mountain glacier (Iceland Volcano)</name>
			<kind>Natural Disaster</kind>
			<streetAddress></streetAddress>
			<city></city>
			<stateOrProvince></stateOrProvince>
			<postalCode></postalCode>
			<country>Iceland</country>
			<dateAndTime>2010-03-20T00:00:00</dateAndTime>
			<fatalities>0</fatalities>
			<injuries>0</injuries>
			<populationIll>0</populationIll>
			<populationDisplaced></populationDisplaced>
			<environmentalImpact>Pollution</environmentalImpact>
			<politicalChanges></politicalChanges>
			<culturalChanges>Air traffic issues</culturalChanges>
			<jobsLost>0</jobsLost>
			<damageInUSD>0</damageInUSD>
			<reparationCost>0</reparationCost>
			<regulatoryChanges></regulatoryChanges>
		</crisis>
	</crises>
	<orgs>
		<org>
			<orgId>ORG_010</orgId>
			<name>Goldman Sachs</name>
			<kind>Government Agency</kind>
			<streetAddress>200 West ST</streetAddress>
			<city>New York City</city>
			<stateOrProvince>NY</stateOrProvince>
			<postalCode></postalCode>
			<country></country>
			<foundingMission>Founded by Marcus Goldman in New York City 1869</foundingMission>
			<dateFounded>1869-01-01</dateFounded>
			<dateAbolished>0000-00-00</dateAbolished>
			<majorEvents></majorEvents>
		</org>
	</orgs>
	<people>
		<person>
			<personId>PER_010</personId>
			<name>Hillary Clinton</name>
			<kind>Politician</kind>
			<streetAddress>NULL</streetAddress>
			<city>Westchester County</city>
			<stateOrProvince>NY</stateOrProvince>
			<country>USA</country>
		</person>
	</people>
	<resources>
		<resourcePair>
			<resourceId>RES_010</resourceId>
			<resource>Education</resource>
		</resourcePair>
	</resources>
	<crisisResources>
		<crisisResourcePair>
			<crisisId>CRI_010</crisisId>
			<resourceId>RES_010</resourceId>
		</crisisResourcePair>
	</crisisResources>
	<waysToHelp>
		<wayToHelpPair>
			<helpId>HEL_010</helpId>
			<wayToHelp>Volunteer Time</wayToHelp>
		</wayToHelpPair>
	</waysToHelp>
	<crisisWaysToHelp>
		<crisisWayToHelpPair>
			<crisisId>CRI_010</crisisId>
			<helpId>HEL_010</helpId>
		</crisisWayToHelpPair>
	</crisisWaysToHelp>
	<contactInfos>
		<contactInfo>
			<contactInfoId>CON_010</contactInfoId>
			<phoneNumber></phoneNumber>
			<emailAddress></emailAddress>
			<facebookUrlId>URL_010</facebookUrlId>
			<twitterUrlId>URL_010</twitterUrlId>
			<websiteUrlId>URL_010</websiteUrlId>
		</contactInfo>
	</contactInfos>
	<orgContactInfos>
		<orgContactInfoPair>
			<orgId>ORG_010</orgId>
			<contactInfoId>CON_010</contactInfoId>
		</orgContactInfoPair>
	</orgContactInfos>
	<citations>
		<citationPair>
			<citationId>CIT_010</citationId>
			<citation>Google</citation>
		</citationPair>
	</citations>
	<crisisCitations>
		<crisisCitationPair>
			<citationId>CIT_010</citationId>
			<crisisId>CRI_010</crisisId>
		</crisisCitationPair>
	</crisisCitations>
	<orgCitations>
		<orgCitationPair>
			<orgId>ORG_010</orgId>
			<citationId>CIT_010</citationId>
		</orgCitationPair>
	</orgCitations>
	<personCitations>
		<personCitationPair>
			<personId>PER_010</personId>
			<citationId>CIT_010</citationId>
		</personCitationPair>
	</personCitations>
	<urls>
		<url>
			<urlId>URL_010</urlId>
			<type>Image</type>
			<urlAddress>http://upload.wikimedia.org/wikipedia/commons/2/27/Hillary_Clinton_official_Secretary_of_State_portrait_crop.jpg</urlAddress>
		</url>
	</urls>
	<crisisUrls>
		<crisisUrlPair>
			<crisisId>CRI_010</crisisId>
			<urlId>URL_010</urlId>
		</crisisUrlPair>
	</crisisUrls>
	<orgUrls>
		<orgUrlPair>
			<orgId>ORG_010</orgId>
			<urlId>URL_010</urlId>
		</orgUrlPair>
	</orgUrls>
	<personUrls>
		<personUrlPair>
			<personId>PER_010</personId>
			<urlId>URL_010</urlId>
		</personUrlPair>
	</personUrls>
	<crisisOrgs>
		<crisisOrgPair>
			<crisisId>CRI_010</crisisId>
			<orgId>ORG_010</orgId>
		</crisisOrgPair>
	</crisisOrgs>
	<crisisPeople>
		<crisisPersonPair>
			<crisisId>CRI_010</crisisId>
			<personId>PER_010</personId>
		</crisisPersonPair>
	</crisisPeople>
	<orgPeople>
		<orgPersonPair>
			<orgId>ORG_010</orgId>
			<personId>PER_010</personId>
		</orgPersonPair>
	</orgPeople>
</root>
